
Reading input parameters from: N20-R8o5-220.PAR
 Writing output to: N20-R8o5-220.POS





               N  NFIX  NCRIT  NRAND  NNBMAX  NRUN

              20     1     10  51199       5     1


            ETAI      ETAR      RS0       DTADJ     DELTAT    TCRIT     QE        RBAR      ZMBAR

            2.0E-02   2.0E-02   6.0E-01   1.0E+00   1.0E+02   1.4E+04   1.0E+03   5.0E+00   1.0E+00


            OPTIONS

           1  2  3  4  5  6  7  8  9 10 11 12 13 14 15 16 17 18 19 20 21 22 23 24 25 26 27 28 29 30 31 32 33 34 35 36 37 38 39 40 41 42 43 44 45 46 47 48 49 50

           2  2  1  0  1  0  2  0  0  2  0  1  0  3  2  1  1  0  0  3  0 -1  2  0  1  2  0  1  0  1  0  0  0  2  1  0  2  0  0  3  0  0  0  0  0  0  0  0  0  0


            DTMIN     RMIN      ETAU      ECLOSE    GMIN      GMAX

            1.0E-05   1.0E-04   2.0E-01   1.0E+00   1.0E-06   1.0E-03

Reading input from: N20-R8o5-220.NBODY                                                              

            SCALE:     9 Binaries converted to barycentres

            SCALE: Conversion factors: MSCALE =     10.000 M_sun;  LSCALE =  0.623 pc;  VSCALE =  0.263 km/sec

            SCALE:     9 Binaries restored

            SCALE: Scaled total energy: -0.10809

            SCALE: Scaled C.M. energy: -0.25000

            TIME SCALES:   TRH = 4.5E+00  TCR =  2.83  2<R>/<V> =  4.88  SMAX =  0.125


            PHYSICAL SCALING:    R* = 0.62  M* =    10.0  V* = 0.263  T* = 2.316  <M> = 0.50  SU = 2.8E+07

            GR SCALING:    V* =  2.63E-01  C =  1.14E+06  RZ =  2.30E-13

            POINT-MASS MODEL:    GMG =  1.5E+09  SMOOTHING =  0.0E+00  RG =  1.4E+04  OMEGA =  6.1E-02  RT =  0.00  RBAR =  0.62

            DISK MODEL:    MD =  5.0E+09  A =  6.4E+03  B =  8.0E+02

            CIRCULAR VELOCITY:    VC RG RL QZ  220.0  13.65  14.14   1.00

            SCALED ORBIT:    RG = *******   0.00   0.00  VG =     0.0  837.0    0.0  V0 = 837.0

            PLUMMER POTENTIAL:    MP =  0.000  AP =  0.00  MPDOT =  0.000  TDELAY =  0.0

 LAGR:    0.012  0.012  0.012  0.077  0.158  0.178  0.206  0.206  0.522  0.563  0.628

 ADJUST:  TIME =    0.00  Q = 0.50  DE =  0.00E+00  E = -0.057611  RMIN = 6.0E-03  DTMIN = 8.3E-05  TC =    0  DELTA =  0.0E+00  E(3) = -0.057611  DETOT =  0.000000


 T =     0.  N =    20  <NB> =  2  KS =    0  NM =  0  MM = 0  NS =    20  NSTEPS =          0         0          0          0  DE =  0.0E+00  E = -0.057611  M = 1.0000

    <R>  RTIDE  RDENS   RC    NC   MC   RHOD   RHOM  CMAX   <Cn>   Ir/R   UN    NP   RCM    VCM      AZ      EB/E   EM/E   TCR     T6  NESC  VRMS
 #1 1.61   4.5  0.00 2.6556   10  0.600    0.     0.    2.   2.3173.032    0     0   0.000  0.0000   0.0654 -0.000 -0.000  6.28     0     0   0.1

       NNPRED    NBCORR  NBFULL  NBVOID    NICONV  NBSMIN  NBDIS  NBDIS2  NCMDER  NBDER  NFAST  NBFAST    NBLOCK    NBLCKR     NBPRED     NBFLUX  NIRECT  NRRECT  NURECT  NBRECT
 #2         0         0   50132    22339        0       0      0       0       0      0      0       0         0         0          0          0       0       0       0       0

     NKSTRY  NKSREG  NKSHYP     NKSPER  NPRECT  NEWKS   NKSMOD    NTTRY  NTRIP  NQUAD  NCHAIN  NMERG  NEWHI  NSTEPT  NSTEPQ  NSTEPC
 #3        0      0       0          0       0      0        0        0      0      0       0      0      0       0       0       0

 MASS GROUPS:    T NP0 NP1 NP2 RM1 RM2 RP0 RP1 RP2     0.0    0     5     15   1.438  3.330 -0.000  1.986  0.000

     CLUSTER ORBIT    NT RG VG JZ ET     0   8.50   0.00   0.00      0.0  220.0    0.0  1.14275354E+07  0.00E+00

 NEW KSREG    TIME =    0.00     1    11       0.002   7.5E-06   1.19 -2377.92    1   0.000   1.9E-09    0    1

 NEW KSREG    TIME =    0.00     3    13       0.002   7.7E-06   1.03 -2377.92    2   0.000   3.7E-09    0    2

 NEW KSREG    TIME =    0.00     7    17       0.002   7.3E-06   2.28 -2377.92    3   0.000   1.9E-09    0    1

 NEW KSREG    TIME =    0.00     5    15       0.002   7.7E-06   1.61 -2377.92    4   0.000   7.5E-09    0    1

 NEW CHAIN     1  T =    0.00  H =-2378.  R = 7.5E-06  M = 1.0E-01 1.0E-01  G4 = 0.0E+00  R1 = 1.2E-03  P =-6.9E-02  E1 =******  NP = 0

 END KSREG    TIME =    0.00  1.0E-01  3.0E-07 0.002   7.5E-06   1.19 -2377.92    1   0.000   3.7E-09    0    0  6.78E-21

 NEW KSREG    TIME =    0.00     8    18       0.002   6.3E-06   3.33 -2377.92    4   0.000   9.3E-10    0    1

 NEW TRIPLE    3  T =    0.00  H =-2378.  R = 7.7E-06  M = 1.0E-01 0.0E+00  G4 = 0.0E+00  R1 = 1.2E-03  P =-9.3E+03  E1 = 0.000  NP = 0

 END KSREG    TIME =    0.00  1.0E-01  3.0E-07 0.002   7.7E-06   1.61 -2377.92    3   0.000   3.7E-09    0    0 -1.36E-20

 NEW KSREG    TIME =    0.00     2    12       0.002   3.4E-05   4.24 -2377.91    4   0.000   9.5E-07    0    2

 NEW KSREG    TIME =    0.00     4    14       0.002   4.0E-05   1.44 -2377.91    5   0.000   6.0E-08    0    1

 NEW KSREG    TIME =    0.00    16     6       0.002   3.5E-05   6.06 -2377.91    6   0.000   1.2E-07    0    2

 NEW KSREG    TIME =    0.00    10    20       0.002   3.4E-05   1.51 -2377.91    7   0.000   6.0E-08    0    3

 LAGR:    0.063  0.063  0.063  0.110  0.139  0.223  0.345  0.345  0.379  0.519  0.786

 ADJUST:  TIME =    0.43  Q = 0.40  DE =  4.24E-03  E = -0.057220  RMIN = 8.3E-03  DTMIN = 1.4E-04  TC =    0  DELTA =  3.9E-04  E(3) = -0.062289  DETOT =  0.000391

 ESCAPE    N =    19     1   0  1.0000   -0.060031   0.00  57.27  0.125   0.16  0.05263     8      19

 LAGR:    0.060  0.060  0.060  0.060  0.104  0.111  0.240  0.368  0.398  0.514  0.789

 ADJUST:  TIME =    0.86  Q = 0.47  DE =  1.13E-02  E = -0.058582  RMIN = 8.3E-03  DTMIN = 1.4E-04  TC =    0  DELTA =  1.4E-03  E(3) = -0.066929  DETOT =  0.001840

 LAGR:    0.042  0.042  0.042  0.042  0.100  0.128  0.256  0.388  0.415  0.509  0.791

 ADJUST:  TIME =    1.30  Q = 0.35  DE =  2.78E-02  E = -0.056311  RMIN = 8.3E-03  DTMIN = 1.4E-04  TC =    0  DELTA =  2.3E-03  E(3) = -0.068649  DETOT =  0.004111

 LAGR:   -0.020 -0.020 -0.020 -0.020  0.110  0.177  0.271  0.405  0.429  0.503  0.791

 ADJUST:  TIME =    1.73  Q = 0.30  DE =  1.74E-02  E = -0.055093  RMIN = 8.3E-03  DTMIN = 1.4E-04  TC =    0  DELTA =  1.2E-03  E(3) = -0.070159  DETOT =  0.005329

 LAGR:   -0.071 -0.071 -0.071 -0.071  0.137  0.209  0.286  0.419  0.442  0.496  0.791

 ADJUST:  TIME =    2.16  Q = 0.27  DE =  2.39E-02  E = -0.053387  RMIN = 8.3E-03  DTMIN = 1.4E-04  TC =    0  DELTA =  1.7E-03  E(3) = -0.071435  DETOT =  0.007035

 LAGR:   -0.112 -0.112 -0.112 -0.112  0.174  0.231  0.299  0.430  0.453  0.487  0.789

 ADJUST:  TIME =    2.59  Q = 0.25  DE =  1.26E-02  E = -0.052474  RMIN = 8.3E-03  DTMIN = 1.4E-04  TC =    0  DELTA =  9.1E-04  E(3) = -0.072453  DETOT =  0.007948

 LAGR:   -0.141 -0.141 -0.141 -0.141  0.217  0.246  0.310  0.440  0.463  0.478  0.786

 ADJUST:  TIME =    3.02  Q = 0.23  DE =  1.29E-02  E = -0.051529  RMIN = 8.3E-03  DTMIN = 1.4E-04  TC =    0  DELTA =  9.4E-04  E(3) = -0.073192  DETOT =  0.008893

 NEW KSREG    TIME =    3.31     1    11       0.003   4.1E-05   2.86 -2377.93    8   0.000   6.2E-02    0    1
 CHAIN BINARY    NM M1 M2 VCM A PB       1     11   1.0   0.0    0.1  2.10E-05  1.62E+03

 LAGR:   -0.158 -0.158 -0.158 -0.158  0.256  0.261  0.343  0.450  0.467  0.471  0.782

 ADJUST:  TIME =    3.45  Q = 0.31  DE =  4.20E-01  E = -0.027627  RMIN = 8.3E-03  DTMIN = 1.4E-04  TC =    0  DELTA =  2.4E-02  E(3) = -0.042351  DETOT =  0.032794

 LAGR:   -0.162 -0.162 -0.162 -0.162  0.262  0.303  0.387  0.430  0.455  0.478  0.776

 ADJUST:  TIME =    3.89  Q = 0.30  DE =  1.28E-02  E = -0.026922  RMIN = 8.3E-03  DTMIN = 1.4E-04  TC =    0  DELTA =  7.1E-04  E(3) = -0.043027  DETOT =  0.033500

 LAGR:   -0.154 -0.154 -0.154 -0.154  0.265  0.343  0.408  0.425  0.442  0.484  0.770

 ADJUST:  TIME =    4.32  Q = 0.29  DE =  1.08E-02  E = -0.026337  RMIN = 8.3E-03  DTMIN = 1.4E-04  TC =    0  DELTA =  5.9E-04  E(3) = -0.043478  DETOT =  0.034085

 LAGR:   -0.136 -0.136 -0.136 -0.136  0.263  0.381  0.382  0.427  0.458  0.489  0.761

 ADJUST:  TIME =    4.75  Q = 0.29  DE =  5.92E-04  E = -0.026305  RMIN = 8.3E-03  DTMIN = 1.4E-04  TC =    0  DELTA =  3.2E-05  E(3) = -0.043693  DETOT =  0.034117

 LAGR:   -0.111 -0.111 -0.111 -0.111  0.259  0.354  0.411  0.416  0.486  0.493  0.752

 ADJUST:  TIME =    5.18  Q = 0.29  DE =  1.04E-03  E = -0.026248  RMIN = 8.3E-03  DTMIN = 1.4E-04  TC =    0  DELTA =  5.7E-05  E(3) = -0.043660  DETOT =  0.034174

 LAGR:   -0.081 -0.081 -0.081 -0.081  0.252  0.320  0.393  0.447  0.496  0.511  0.740

 ADJUST:  TIME =    5.61  Q = 0.30  DE = -1.90E-03  E = -0.026355  RMIN = 8.3E-03  DTMIN = 1.4E-04  TC =    0  DELTA = -1.1E-04  E(3) = -0.043376  DETOT =  0.034067

 LAGR:   -0.049 -0.049 -0.049 -0.049  0.241  0.282  0.373  0.476  0.498  0.532  0.727

 ADJUST:  TIME =    6.04  Q = 0.31  DE = -1.08E-02  E = -0.026993  RMIN = 8.3E-03  DTMIN = 1.4E-04  TC =    0  DELTA = -6.4E-04  E(3) = -0.042843  DETOT =  0.033428

 LAGR:   -0.014 -0.014 -0.014 -0.014  0.227  0.235  0.350  0.500  0.502  0.551  0.712

 ADJUST:  TIME =    6.48  Q = 0.33  DE = -7.81E-03  E = -0.027491  RMIN = 8.3E-03  DTMIN = 1.4E-04  TC =    0  DELTA = -5.0E-04  E(3) = -0.042070  DETOT =  0.032930

 LAGR:    0.025  0.025  0.025  0.025  0.176  0.209  0.325  0.501  0.526  0.567  0.695

 ADJUST:  TIME =    6.91  Q = 0.37  DE = -1.73E-02  E = -0.028754  RMIN = 8.3E-03  DTMIN = 1.4E-04  TC =    0  DELTA = -1.3E-03  E(3) = -0.041069  DETOT =  0.031668

 LAGR:    0.079  0.079  0.079  0.079  0.087  0.187  0.297  0.502  0.548  0.553  0.676

 ADJUST:  TIME =    7.34  Q = 0.56  DE = -5.88E-03  E = -0.029638  RMIN = 3.7E-03  DTMIN = 4.0E-05  TC =    0  DELTA = -8.8E-04  E(3) = -0.039861  DETOT =  0.030784

 LAGR:   -0.012 -0.012 -0.012 -0.012  0.129  0.160  0.266  0.502  0.534  0.567  0.653

 ADJUST:  TIME =    7.77  Q = 0.42  DE = -2.01E-02  E = -0.031350  RMIN = 3.7E-03  DTMIN = 4.0E-05  TC =    0  DELTA = -1.7E-03  E(3) = -0.038523  DETOT =  0.029072

 LAGR:   -0.117 -0.117 -0.117 -0.117  0.127  0.162  0.230  0.502  0.512  0.583  0.628

 ADJUST:  TIME =    8.20  Q = 0.43  DE = -1.06E-02  E = -0.032229  RMIN = 3.7E-03  DTMIN = 4.0E-05  TC =    0  DELTA = -8.8E-04  E(3) = -0.037098  DETOT =  0.028192

 LAGR:   -0.221 -0.221 -0.221 -0.221  0.085  0.185  0.188  0.490  0.501  0.598  0.613

 ADJUST:  TIME =    8.63  Q = 0.45  DE = -2.44E-02  E = -0.034366  RMIN = 3.7E-03  DTMIN = 4.0E-05  TC =    0  DELTA = -2.1E-03  E(3) = -0.035576  DETOT =  0.026056

 LAGR:   -0.296 -0.296 -0.296 -0.296  0.031  0.140  0.200  0.467  0.500  0.567  0.619

 ADJUST:  TIME =    9.07  Q = 0.48  DE = -1.16E-02  E = -0.035475  RMIN = 3.7E-03  DTMIN = 4.0E-05  TC =    0  DELTA = -1.1E-03  E(3) = -0.033971  DETOT =  0.024947

 LAGR:   -0.278 -0.278 -0.278 -0.278 -0.048  0.083  0.210  0.443  0.498  0.532  0.622

 ADJUST:  TIME =    9.50  Q = 0.52  DE = -1.16E-02  E = -0.036698  RMIN = 3.7E-03  DTMIN = 4.0E-05  TC =    0  DELTA = -1.2E-03  E(3) = -0.032277  DETOT =  0.023724

 LAGR:   -0.185 -0.185 -0.185 -0.185 -0.171  0.015  0.215  0.421  0.496  0.497  0.628

 ADJUST:  TIME =    9.93  Q = 0.55  DE = -2.17E-02  E = -0.039091  RMIN = 3.7E-03  DTMIN = 4.0E-05  TC =    0  DELTA = -2.4E-03  E(3) = -0.030451  DETOT =  0.021331

 LAGR:   -0.335 -0.335 -0.335 -0.335 -0.110 -0.067  0.215  0.400  0.460  0.493  0.634

 ADJUST:  TIME =   10.36  Q = 0.56  DE = -1.38E-02  E = -0.040587  RMIN = 3.7E-03  DTMIN = 4.0E-05  TC =    1  DELTA = -1.5E-03  E(3) = -0.028489  DETOT =  0.019835

 LAGR:   -0.440 -0.440 -0.440 -0.440 -0.160 -0.067  0.209  0.382  0.423  0.490  0.638

 ADJUST:  TIME =   10.79  Q = 0.59  DE = -2.31E-02  E = -0.043159  RMIN = 3.7E-03  DTMIN = 4.0E-05  TC =    1  DELTA = -2.6E-03  E(3) = -0.026439  DETOT =  0.017263

 LAGR:   -0.349 -0.349 -0.349 -0.349 -0.248 -0.044  0.197  0.368  0.386  0.486  0.641

 ADJUST:  TIME =   11.22  Q = 0.62  DE = -1.50E-02  E = -0.044939  RMIN = 3.7E-03  DTMIN = 4.0E-05  TC =    1  DELTA = -1.8E-03  E(3) = -0.024337  DETOT =  0.015483

 LAGR:   -0.268 -0.268 -0.268 -0.268 -0.196 -0.035  0.178  0.349  0.359  0.481  0.642

 ADJUST:  TIME =   11.66  Q = 0.65  DE = -2.08E-02  E = -0.047502  RMIN = 3.7E-03  DTMIN = 4.0E-05  TC =    1  DELTA = -2.6E-03  E(3) = -0.022210  DETOT =  0.012920

 LAGR:   -0.182 -0.182 -0.182 -0.182 -0.074 -0.037  0.149  0.315  0.354  0.475  0.642

 ADJUST:  TIME =   12.09  Q = 0.67  DE = -1.29E-02  E = -0.049073  RMIN = 3.7E-03  DTMIN = 4.0E-05  TC =    1  DELTA = -1.6E-03  E(3) = -0.020106  DETOT =  0.011349

 LAGR:   -0.069 -0.069 -0.069 -0.069 -0.050  0.021  0.111  0.287  0.355  0.469  0.640

 ADJUST:  TIME =   12.52  Q = 0.70  DE = -2.20E-02  E = -0.051732  RMIN = 3.7E-03  DTMIN = 4.0E-05  TC =    1  DELTA = -2.7E-03  E(3) = -0.018101  DETOT =  0.008689

 LAGR:   -0.074 -0.074 -0.074 -0.074  0.028  0.060  0.099  0.269  0.360  0.460  0.638

 ADJUST:  TIME =   12.95  Q = 0.72  DE = -1.29E-02  E = -0.053318  RMIN = 3.7E-03  DTMIN = 4.0E-05  TC =    1  DELTA = -1.6E-03  E(3) = -0.016263  DETOT =  0.007104

 LAGR:   -0.109 -0.109 -0.109 -0.109 -0.001  0.108  0.166  0.264  0.369  0.450  0.634

 ADJUST:  TIME =   13.38  Q = 0.75  DE = -1.57E-02  E = -0.055289  RMIN = 3.7E-03  DTMIN = 4.0E-05  TC =    1  DELTA = -2.0E-03  E(3) = -0.014656  DETOT =  0.005133

 LAGR:   -0.155 -0.155 -0.155 -0.155 -0.073  0.173  0.227  0.273  0.379  0.439  0.629

 ADJUST:  TIME =   13.82  Q = 0.77  DE = -8.19E-03  E = -0.056342  RMIN = 3.7E-03  DTMIN = 4.0E-05  TC =    1  DELTA = -1.1E-03  E(3) = -0.013328  DETOT =  0.004080

 LAGR:   -0.214 -0.214 -0.214 -0.214 -0.147  0.229  0.281  0.294  0.390  0.424  0.623

 ADJUST:  TIME =   14.25  Q = 0.79  DE = -5.82E-03  E = -0.057107  RMIN = 3.7E-03  DTMIN = 4.0E-05  TC =    1  DELTA = -7.7E-04  E(3) = -0.012303  DETOT =  0.003315

 LAGR:   -0.285 -0.285 -0.285 -0.285 -0.202  0.279  0.323  0.329  0.401  0.406  0.616

 ADJUST:  TIME =   14.68  Q = 0.81  DE = -8.67E-03  E = -0.058282  RMIN = 3.7E-03  DTMIN = 4.0E-05  TC =    1  DELTA = -1.2E-03  E(3) = -0.011588  DETOT =  0.002140

 LAGR:   -0.363 -0.363 -0.363 -0.363 -0.210  0.325  0.357  0.372  0.381  0.393  0.607

 ADJUST:  TIME =   15.11  Q = 0.82  DE = -2.75E-03  E = -0.058676  RMIN = 3.7E-03  DTMIN = 4.0E-05  TC =    1  DELTA = -3.9E-04  E(3) = -0.011184  DETOT =  0.001745

 LAGR:   -0.413 -0.413 -0.413 -0.413 -0.172  0.348  0.351  0.369  0.393  0.409  0.598

 ADJUST:  TIME =   15.54  Q = 0.84  DE = -1.85E-03  E = -0.058972  RMIN = 3.7E-03  DTMIN = 4.0E-05  TC =    1  DELTA = -3.0E-04  E(3) = -0.011075  DETOT =  0.001450

 LAGR:   -0.377 -0.377 -0.377 -0.377 -0.114  0.311  0.325  0.397  0.427  0.429  0.587

 ADJUST:  TIME =   15.97  Q = 0.83  DE =  4.60E-04  E = -0.058902  RMIN = 3.7E-03  DTMIN = 4.0E-05  TC =    1  DELTA =  7.0E-05  E(3) = -0.011224  DETOT =  0.001520

 LAGR:   -0.264 -0.264 -0.264 -0.264 -0.057  0.283  0.321  0.409  0.428  0.464  0.576

 ADJUST:  TIME =   16.41  Q = 0.81  DE =  3.31E-03  E = -0.058450  RMIN = 3.7E-03  DTMIN = 4.0E-05  TC =    1  DELTA =  4.5E-04  E(3) = -0.011678  DETOT =  0.001972

 LAGR:   -0.136 -0.136 -0.136 -0.136 -0.008  0.269  0.326  0.415  0.426  0.494  0.563

 ADJUST:  TIME =   16.84  Q = 0.79  DE =  2.99E-03  E = -0.058068  RMIN = 3.7E-03  DTMIN = 4.0E-05  TC =    1  DELTA =  3.8E-04  E(3) = -0.012392  DETOT =  0.002353

 LAGR:   -0.019 -0.019 -0.019 -0.019  0.033  0.268  0.332  0.418  0.424  0.514  0.550

 ADJUST:  TIME =   17.27  Q = 0.77  DE =  1.03E-02  E = -0.056814  RMIN = 3.7E-03  DTMIN = 4.0E-05  TC =    1  DELTA =  1.3E-03  E(3) = -0.013328  DETOT =  0.003608

 LAGR:    0.066  0.066  0.066  0.066  0.084  0.278  0.339  0.419  0.420  0.531  0.557

 ADJUST:  TIME =   17.70  Q = 0.75  DE =  7.23E-03  E = -0.055967  RMIN = 3.7E-03  DTMIN = 4.0E-05  TC =    1  DELTA =  8.5E-04  E(3) = -0.014459  DETOT =  0.004455

 LAGR:    0.094  0.094  0.094  0.094  0.174  0.298  0.346  0.414  0.421  0.520  0.584

 ADJUST:  TIME =   18.13  Q = 0.72  DE =  1.43E-02  E = -0.054350  RMIN = 3.7E-03  DTMIN = 4.0E-05  TC =    1  DELTA =  1.6E-03  E(3) = -0.015753  DETOT =  0.006072

 LAGR:    0.117  0.117  0.117  0.117  0.252  0.323  0.352  0.408  0.420  0.504  0.608

 ADJUST:  TIME =   18.56  Q = 0.70  DE =  9.66E-03  E = -0.053292  RMIN = 3.7E-03  DTMIN = 4.0E-05  TC =    1  DELTA =  1.1E-03  E(3) = -0.017177  DETOT =  0.007130

 LAGR:    0.137  0.137  0.137  0.137  0.320  0.353  0.358  0.400  0.419  0.486  0.631

 ADJUST:  TIME =   19.00  Q = 0.67  DE =  9.64E-03  E = -0.052266  RMIN = 3.7E-03  DTMIN = 4.0E-05  TC =    1  DELTA =  1.0E-03  E(3) = -0.018700  DETOT =  0.008155

 LAGR:    0.155  0.155  0.155  0.155  0.362  0.380  0.385  0.391  0.417  0.466  0.652

 ADJUST:  TIME =   19.43  Q = 0.65  DE =  1.99E-02  E = -0.050173  RMIN = 3.7E-03  DTMIN = 4.0E-05  TC =    1  DELTA =  2.1E-03  E(3) = -0.020286  DETOT =  0.010249

 LAGR:    0.171  0.171  0.171  0.171  0.365  0.380  0.414  0.416  0.436  0.442  0.671

 ADJUST:  TIME =   19.86  Q = 0.69  DE =  8.13E-03  E = -0.049081  RMIN = 3.7E-03  DTMIN = 4.0E-05  TC =    2  DELTA =  1.1E-03  E(3) = -0.021892  DETOT =  0.011340

 LAGR:    0.185  0.185  0.185  0.185  0.368  0.368  0.410  0.444  0.445  0.469  0.688

 ADJUST:  TIME =   20.29  Q = 0.61  DE =  2.24E-02  E = -0.046813  RMIN = 3.7E-03  DTMIN = 4.0E-05  TC =    1  DELTA =  2.3E-03  E(3) = -0.023601  DETOT =  0.013608

 LAGR:    0.199  0.199  0.199  0.199  0.354  0.368  0.405  0.436  0.471  0.512  0.704

 ADJUST:  TIME =   20.72  Q = 0.56  DE =  1.51E-02  E = -0.045480  RMIN = 3.7E-03  DTMIN = 4.0E-05  TC =    1  DELTA =  1.3E-03  E(3) = -0.025385  DETOT =  0.014941

 LAGR:    0.213  0.213  0.213  0.213  0.339  0.368  0.400  0.429  0.494  0.552  0.718

 ADJUST:  TIME =   21.15  Q = 0.53  DE =  2.75E-02  E = -0.043160  RMIN = 3.7E-03  DTMIN = 4.0E-05  TC =    1  DELTA =  2.3E-03  E(3) = -0.027163  DETOT =  0.017262

 LAGR:    0.226  0.226  0.226  0.226  0.322  0.367  0.394  0.422  0.515  0.590  0.731

 ADJUST:  TIME =   21.59  Q = 0.52  DE =  1.50E-02  E = -0.041878  RMIN = 3.7E-03  DTMIN = 4.0E-05  TC =    1  DELTA =  1.3E-03  E(3) = -0.028909  DETOT =  0.018543

 LAGR:    0.241  0.241  0.241  0.241  0.303  0.364  0.387  0.416  0.533  0.592  0.743

 ADJUST:  TIME =   22.02  Q = 0.51  DE =  2.57E-02  E = -0.039602  RMIN = 3.7E-03  DTMIN = 4.0E-05  TC =    1  DELTA =  2.3E-03  E(3) = -0.030632  DETOT =  0.020820

 LAGR:    0.256  0.256  0.256  0.256  0.282  0.360  0.380  0.410  0.549  0.596  0.753

 ADJUST:  TIME =   22.45  Q = 0.47  DE =  1.56E-02  E = -0.038343  RMIN = 3.7E-03  DTMIN = 4.0E-05  TC =    1  DELTA =  1.3E-03  E(3) = -0.032368  DETOT =  0.022078

 LAGR:    0.258  0.258  0.258  0.258  0.273  0.355  0.373  0.404  0.563  0.606  0.762

 ADJUST:  TIME =   22.88  Q = 0.44  DE =  3.07E-02  E = -0.036089  RMIN = 3.7E-03  DTMIN = 4.0E-05  TC =    1  DELTA =  2.3E-03  E(3) = -0.034049  DETOT =  0.024333

 LAGR:    0.233  0.233  0.233  0.233  0.292  0.349  0.364  0.398  0.575  0.618  0.770

 ADJUST:  TIME =   23.31  Q = 0.42  DE =  1.61E-02  E = -0.034958  RMIN = 3.7E-03  DTMIN = 4.0E-05  TC =    1  DELTA =  1.1E-03  E(3) = -0.035607  DETOT =  0.025464

 LAGR:    0.205  0.205  0.205  0.205  0.316  0.341  0.356  0.390  0.584  0.630  0.777

 ADJUST:  TIME =   23.75  Q = 0.41  DE =  1.52E-02  E = -0.033893  RMIN = 3.7E-03  DTMIN = 4.0E-05  TC =    1  DELTA =  1.1E-03  E(3) = -0.037005  DETOT =  0.026529

 LAGR:    0.176  0.176  0.176  0.176  0.332  0.344  0.347  0.379  0.591  0.642  0.783

 ADJUST:  TIME =   24.18  Q = 0.40  DE =  2.38E-02  E = -0.032184  RMIN = 3.7E-03  DTMIN = 4.0E-05  TC =    2  DELTA =  1.7E-03  E(3) = -0.038205  DETOT =  0.028238

 LAGR:    0.145  0.145  0.145  0.145  0.321  0.339  0.365  0.376  0.597  0.653  0.788

 ADJUST:  TIME =   24.61  Q = 0.40  DE =  1.06E-02  E = -0.031429  RMIN = 3.7E-03  DTMIN = 4.0E-05  TC =    2  DELTA =  7.6E-04  E(3) = -0.039165  DETOT =  0.028993

 LAGR:    0.113  0.113  0.113  0.113  0.309  0.331  0.350  0.406  0.600  0.664  0.792

 ADJUST:  TIME =   25.04  Q = 0.37  DE =  1.67E-02  E = -0.030333  RMIN = 3.7E-03  DTMIN = 4.0E-05  TC =    1  DELTA =  1.1E-03  E(3) = -0.039870  DETOT =  0.030089

 LAGR:    0.082  0.082  0.082  0.082  0.294  0.323  0.340  0.432  0.602  0.675  0.795

 ADJUST:  TIME =   25.47  Q = 0.35  DE =  7.39E-03  E = -0.029885  RMIN = 3.7E-03  DTMIN = 4.0E-05  TC =    1  DELTA =  4.5E-04  E(3) = -0.040349  DETOT =  0.030537

 LAGR:    0.054  0.054  0.054  0.054  0.278  0.317  0.332  0.456  0.601  0.686  0.797

 ADJUST:  TIME =   25.90  Q = 0.34  DE =  6.47E-03  E = -0.029512  RMIN = 3.7E-03  DTMIN = 4.0E-05  TC =    1  DELTA =  3.7E-04  E(3) = -0.040609  DETOT =  0.030910

 LAGR:    0.031  0.031  0.031  0.031  0.260  0.311  0.327  0.478  0.599  0.696  0.798

 ADJUST:  TIME =   26.34  Q = 0.33  DE =  2.40E-03  E = -0.029378  RMIN = 3.7E-03  DTMIN = 4.0E-05  TC =    1  DELTA =  1.3E-04  E(3) = -0.040649  DETOT =  0.031044

 LAGR:    0.018  0.018  0.018  0.018  0.239  0.308  0.322  0.498  0.595  0.706  0.803

 ADJUST:  TIME =   26.77  Q = 0.33  DE = -4.26E-03  E = -0.029614  RMIN = 3.7E-03  DTMIN = 4.0E-05  TC =    1  DELTA = -2.4E-04  E(3) = -0.040468  DETOT =  0.030808

 LAGR:    0.016  0.016  0.016  0.016  0.215  0.307  0.319  0.517  0.588  0.716  0.812

 ADJUST:  TIME =   27.20  Q = 0.33  DE = -5.30E-03  E = -0.029909  RMIN = 3.7E-03  DTMIN = 4.0E-05  TC =    1  DELTA = -3.0E-04  E(3) = -0.040069  DETOT =  0.030513

 LAGR:    0.028  0.028  0.028  0.028  0.188  0.307  0.316  0.535  0.580  0.725  0.821

 ADJUST:  TIME =   27.63  Q = 0.34  DE = -1.26E-02  E = -0.030626  RMIN = 3.7E-03  DTMIN = 4.0E-05  TC =    1  DELTA = -7.2E-04  E(3) = -0.039464  DETOT =  0.029795

 LAGR:    0.052  0.052  0.052  0.052  0.156  0.310  0.313  0.552  0.570  0.735  0.828

 ADJUST:  TIME =   28.06  Q = 0.35  DE = -9.63E-03  E = -0.031191  RMIN = 3.7E-03  DTMIN = 4.0E-05  TC =    1  DELTA = -5.6E-04  E(3) = -0.038667  DETOT =  0.029231

 LAGR:    0.085  0.085  0.085  0.085  0.119  0.311  0.316  0.557  0.567  0.744  0.835

 ADJUST:  TIME =   28.49  Q = 0.37  DE = -1.08E-02  E = -0.031847  RMIN = 3.7E-03  DTMIN = 4.0E-05  TC =    1  DELTA = -6.6E-04  E(3) = -0.037704  DETOT =  0.028575

 LAGR:    0.075  0.075  0.075  0.075  0.124  0.310  0.324  0.544  0.580  0.753  0.841

 ADJUST:  TIME =   28.93  Q = 0.38  DE = -2.21E-02  E = -0.033239  RMIN = 3.7E-03  DTMIN = 4.0E-05  TC =    1  DELTA = -1.4E-03  E(3) = -0.036605  DETOT =  0.027183

 LAGR:    0.024  0.024  0.024  0.024  0.165  0.310  0.333  0.528  0.591  0.761  0.846

 ADJUST:  TIME =   29.36  Q = 0.39  DE = -1.33E-02  E = -0.034099  RMIN = 3.7E-03  DTMIN = 4.0E-05  TC =    1  DELTA = -8.6E-04  E(3) = -0.035403  DETOT =  0.026323

 LAGR:   -0.035 -0.035 -0.035 -0.035  0.204  0.310  0.345  0.512  0.601  0.770  0.850

 ADJUST:  TIME =   29.79  Q = 0.40  DE = -2.53E-02  E = -0.035755  RMIN = 3.7E-03  DTMIN = 4.0E-05  TC =    1  DELTA = -1.7E-03  E(3) = -0.034125  DETOT =  0.024667

 LAGR:   -0.102 -0.102 -0.102 -0.102  0.241  0.312  0.358  0.495  0.608  0.774  0.854

 ADJUST:  TIME =   30.22  Q = 0.41  DE = -1.46E-02  E = -0.036727  RMIN = 3.7E-03  DTMIN = 4.0E-05  TC =    1  DELTA = -9.7E-04  E(3) = -0.032787  DETOT =  0.023695

 LAGR:   -0.179 -0.179 -0.179 -0.179  0.276  0.316  0.373  0.477  0.614  0.769  0.857

 ADJUST:  TIME =   30.65  Q = 0.43  DE = -2.67E-02  E = -0.038537  RMIN = 3.7E-03  DTMIN = 4.0E-05  TC =    1  DELTA = -1.8E-03  E(3) = -0.031402  DETOT =  0.021884

 LAGR:   -0.267 -0.267 -0.267 -0.267  0.308  0.324  0.388  0.457  0.618  0.763  0.859

 ADJUST:  TIME =   31.08  Q = 0.44  DE = -1.49E-02  E = -0.039579  RMIN = 3.7E-03  DTMIN = 4.0E-05  TC =    2  DELTA = -1.0E-03  E(3) = -0.029980  DETOT =  0.020842

 LAGR:   -0.363 -0.363 -0.363 -0.363  0.335  0.337  0.404  0.434  0.620  0.757  0.861

 ADJUST:  TIME =   31.52  Q = 0.47  DE = -2.58E-02  E = -0.041474  RMIN = 3.7E-03  DTMIN = 4.0E-05  TC =    2  DELTA = -1.9E-03  E(3) = -0.028538  DETOT =  0.018948

 LAGR:   -0.449 -0.449 -0.449 -0.449  0.353  0.364  0.406  0.420  0.621  0.751  0.862

 ADJUST:  TIME =   31.95  Q = 0.50  DE = -1.42E-02  E = -0.042609  RMIN = 3.7E-03  DTMIN = 4.0E-05  TC =    2  DELTA = -1.1E-03  E(3) = -0.027088  DETOT =  0.017813

 LAGR:   -0.475 -0.475 -0.475 -0.475  0.369  0.380  0.389  0.436  0.620  0.745  0.863

 ADJUST:  TIME =   32.38  Q = 0.54  DE = -2.02E-02  E = -0.044465  RMIN = 3.7E-03  DTMIN = 4.0E-05  TC =    2  DELTA = -1.9E-03  E(3) = -0.025623  DETOT =  0.015956

 LAGR:   -0.414 -0.414 -0.414 -0.414  0.336  0.399  0.411  0.452  0.619  0.739  0.863

 ADJUST:  TIME =   32.81  Q = 0.54  DE = -1.30E-02  E = -0.045596  RMIN = 3.7E-03  DTMIN = 4.0E-05  TC =    2  DELTA = -1.1E-03  E(3) = -0.024138  DETOT =  0.014826

 LAGR:   -0.308 -0.308 -0.308 -0.308  0.324  0.403  0.432  0.468  0.615  0.734  0.863

 ADJUST:  TIME =   33.24  Q = 0.52  DE = -1.23E-02  E = -0.046560  RMIN = 3.7E-03  DTMIN = 4.0E-05  TC =    2  DELTA = -9.6E-04  E(3) = -0.022700  DETOT =  0.013862

 LAGR:   -0.199 -0.199 -0.199 -0.199  0.321  0.404  0.450  0.483  0.611  0.729  0.862

 ADJUST:  TIME =   33.67  Q = 0.52  DE = -2.78E-02  E = -0.048638  RMIN = 3.7E-03  DTMIN = 4.0E-05  TC =    2  DELTA = -2.1E-03  E(3) = -0.021301  DETOT =  0.011784

 LAGR:   -0.099 -0.099 -0.099 -0.099  0.319  0.405  0.466  0.497  0.605  0.724  0.861

 ADJUST:  TIME =   34.11  Q = 0.52  DE = -1.43E-02  E = -0.049692  RMIN = 3.7E-03  DTMIN = 4.0E-05  TC =    2  DELTA = -1.1E-03  E(3) = -0.019924  DETOT =  0.010730

 LAGR:   -0.010 -0.010 -0.010 -0.010  0.318  0.406  0.481  0.511  0.598  0.721  0.859

 ADJUST:  TIME =   34.54  Q = 0.53  DE = -2.47E-02  E = -0.051519  RMIN = 3.7E-03  DTMIN = 4.0E-05  TC =    2  DELTA = -1.8E-03  E(3) = -0.018560  DETOT =  0.008903

 LAGR:    0.069  0.069  0.069  0.069  0.316  0.407  0.494  0.524  0.589  0.718  0.857

 ADJUST:  TIME =   34.97  Q = 0.55  DE = -1.46E-02  E = -0.052622  RMIN = 3.7E-03  DTMIN = 4.0E-05  TC =    2  DELTA = -1.1E-03  E(3) = -0.017206  DETOT =  0.007800

 LAGR:    0.142  0.142  0.142  0.142  0.313  0.409  0.505  0.537  0.579  0.717  0.861

 ADJUST:  TIME =   35.40  Q = 0.57  DE = -2.19E-02  E = -0.054326  RMIN = 3.7E-03  DTMIN = 4.0E-05  TC =    2  DELTA = -1.7E-03  E(3) = -0.015861  DETOT =  0.006096

 LAGR:    0.209  0.209  0.209  0.209  0.307  0.409  0.514  0.548  0.568  0.717  0.867

 ADJUST:  TIME =   35.83  Q = 0.59  DE = -1.21E-02  E = -0.055318  RMIN = 3.7E-03  DTMIN = 4.0E-05  TC =    2  DELTA = -9.9E-04  E(3) = -0.014525  DETOT =  0.005104

 LAGR:    0.273  0.273  0.273  0.273  0.298  0.409  0.523  0.555  0.559  0.718  0.872

 ADJUST:  TIME =   36.27  Q = 0.62  DE = -1.94E-02  E = -0.057081  RMIN = 3.7E-03  DTMIN = 4.0E-05  TC =    2  DELTA = -1.8E-03  E(3) = -0.013199  DETOT =  0.003340

 LAGR:    0.289  0.289  0.289  0.289  0.329  0.407  0.529  0.541  0.569  0.721  0.876

 ADJUST:  TIME =   36.70  Q = 0.68  DE = -8.40E-03  E = -0.058035  RMIN = 3.7E-03  DTMIN = 4.0E-05  TC =    2  DELTA = -9.5E-04  E(3) = -0.011896  DETOT =  0.002387

 LAGR:    0.327  0.327  0.327  0.327  0.346  0.404  0.525  0.535  0.579  0.725  0.881

 ADJUST:  TIME =   37.13  Q = 0.66  DE = -1.62E-02  E = -0.059668  RMIN = 3.7E-03  DTMIN = 4.0E-05  TC =    2  DELTA = -1.6E-03  E(3) = -0.010691  DETOT =  0.000753

 LAGR:    0.347  0.347  0.347  0.347  0.380  0.398  0.508  0.539  0.588  0.730  0.885

 ADJUST:  TIME =   37.56  Q = 0.64  DE = -9.40E-03  E = -0.060523  RMIN = 3.7E-03  DTMIN = 4.0E-05  TC =    2  DELTA = -8.5E-04  E(3) = -0.009540  DETOT = -0.000101

 LAGR:    0.350  0.350  0.350  0.350  0.392  0.425  0.489  0.542  0.596  0.737  0.888

 ADJUST:  TIME =   37.99  Q = 0.64  DE = -9.49E-03  E = -0.061361  RMIN = 3.7E-03  DTMIN = 4.0E-05  TC =    2  DELTA = -8.4E-04  E(3) = -0.008428  DETOT = -0.000939

 LAGR:    0.355  0.355  0.355  0.355  0.383  0.462  0.469  0.544  0.604  0.745  0.892

 ADJUST:  TIME =   38.42  Q = 0.64  DE = -1.61E-02  E = -0.062780  RMIN = 3.7E-03  DTMIN = 4.0E-05  TC =    2  DELTA = -1.4E-03  E(3) = -0.007371  DETOT = -0.002358

 LAGR:    0.361  0.361  0.361  0.361  0.374  0.448  0.494  0.545  0.610  0.754  0.895

 ADJUST:  TIME =   38.86  Q = 0.65  DE = -8.43E-03  E = -0.063531  RMIN = 3.7E-03  DTMIN = 4.0E-05  TC =    2  DELTA = -7.5E-04  E(3) = -0.006386  DETOT = -0.003110

 LAGR:    0.365  0.365  0.365  0.365  0.369  0.425  0.521  0.545  0.616  0.763  0.897

 ADJUST:  TIME =   39.29  Q = 0.65  DE = -1.34E-02  E = -0.064753  RMIN = 3.7E-03  DTMIN = 4.0E-05  TC =    2  DELTA = -1.2E-03  E(3) = -0.005485  DETOT = -0.004332

 LAGR:    0.354  0.354  0.354  0.354  0.378  0.402  0.545  0.545  0.622  0.774  0.900

 ADJUST:  TIME =   39.72  Q = 0.66  DE = -7.81E-03  E = -0.065497  RMIN = 3.7E-03  DTMIN = 4.0E-05  TC =    2  DELTA = -7.4E-04  E(3) = -0.004681  DETOT = -0.005075

 LAGR:    0.344  0.344  0.344  0.344  0.381  0.387  0.544  0.565  0.626  0.785  0.902

 ADJUST:  TIME =   40.15  Q = 0.67  DE = -8.12E-03  E = -0.066316  RMIN = 3.7E-03  DTMIN = 4.0E-05  TC =    2  DELTA = -8.2E-04  E(3) = -0.003999  DETOT = -0.005894

 LAGR:    0.334  0.334  0.334  0.334  0.366  0.394  0.542  0.583  0.630  0.796  0.903

 ADJUST:  TIME =   40.58  Q = 0.68  DE = -3.89E-03  E = -0.066733  RMIN = 3.7E-03  DTMIN = 4.0E-05  TC =    2  DELTA = -4.2E-04  E(3) = -0.003486  DETOT = -0.006311

 LAGR:    0.324  0.324  0.324  0.324  0.365  0.394  0.541  0.597  0.633  0.808  0.904

 ADJUST:  TIME =   41.01  Q = 0.67  DE = -4.27E-03  E = -0.067194  RMIN = 3.7E-03  DTMIN = 4.0E-05  TC =    2  DELTA = -4.6E-04  E(3) = -0.003182  DETOT = -0.006772

 LAGR:    0.316  0.316  0.316  0.316  0.374  0.391  0.540  0.610  0.636  0.820  0.905

 ADJUST:  TIME =   41.45  Q = 0.66  DE = -1.11E-03  E = -0.067314  RMIN = 3.7E-03  DTMIN = 4.0E-05  TC =    2  DELTA = -1.2E-04  E(3) = -0.003056  DETOT = -0.006892

 LAGR:    0.314  0.314  0.314  0.314  0.386  0.389  0.539  0.620  0.637  0.832  0.906

 ADJUST:  TIME =   41.88  Q = 0.65  DE =  5.90E-05  E = -0.067308  RMIN = 3.7E-03  DTMIN = 4.0E-05  TC =    2  DELTA =  6.4E-06  E(3) = -0.003085  DETOT = -0.006886

 LAGR:    0.323  0.323  0.323  0.323  0.387  0.396  0.539  0.628  0.637  0.844  0.905

 ADJUST:  TIME =   42.31  Q = 0.64  DE =  1.03E-03  E = -0.067194  RMIN = 3.7E-03  DTMIN = 4.0E-05  TC =    2  DELTA =  1.1E-04  E(3) = -0.003261  DETOT = -0.006772

 LAGR:    0.343  0.343  0.343  0.343  0.385  0.406  0.542  0.634  0.636  0.848  0.905

 ADJUST:  TIME =   42.74  Q = 0.66  DE =  1.13E-03  E = -0.067049  RMIN = 3.7E-03  DTMIN = 4.0E-05  TC =    2  DELTA =  1.5E-04  E(3) = -0.003554  DETOT = -0.006627

 LAGR:    0.355  0.355  0.355  0.355  0.398  0.415  0.547  0.633  0.638  0.852  0.904

 ADJUST:  TIME =   43.17  Q = 0.64  DE =  4.36E-03  E = -0.066515  RMIN = 3.7E-03  DTMIN = 4.0E-05  TC =    2  DELTA =  5.3E-04  E(3) = -0.003973  DETOT = -0.006094

 LAGR:    0.355  0.355  0.355  0.355  0.398  0.415  0.547  0.633  0.638  0.852  0.904


 T =    43.  N =    19  <NB> =  1  KS =    8  NM =  0  MM = 0  NS =     0  NSTEPS =      10731         0       7169          0  DE =  1.1E-01  E = -0.066515  M = 0.9000

    <R>  RTIDE  RDENS   RC    NC   MC   RHOD   RHOM  CMAX   <Cn>   Ir/R   UN    NP   RCM    VCM      AZ      EB/E   EM/E   TCR     T6  NESC  VRMS
 #1 4.29   4.5  0.00 3.2048   19  0.900  737.   737.    4.   1.8  0.000    8     0   2.747  0.1202   0.4809  1.438 -0.000 16.47    99     0   0.1

       NNPRED    NBCORR  NBFULL  NBVOID    NICONV  NBSMIN  NBDIS  NBDIS2  NCMDER  NBDER  NFAST  NBFAST    NBLOCK    NBLCKR     NBPRED     NBFLUX  NIRECT  NRRECT  NURECT  NBRECT
 #2      3446         0   50178    24562     1695       0      0       0       0      0      0       0      4963         0       5367       2723       0       0       0       0

     NKSTRY  NKSREG  NKSHYP     NKSPER  NPRECT  NEWKS   NKSMOD    NTTRY  NTRIP  NQUAD  NCHAIN  NMERG  NEWHI  NSTEPT  NSTEPQ  NSTEPC
 #3      732     10       0  178276507       0      0        0      629      1      0       1      0      0       0       0     853

 MASS GROUPS:    T NP0 NP1 NP2 RM1 RM2 RP0 RP1 RP2    43.2    0     8      3   4.294  4.347 -0.000  2.734  0.000

     CLUSTER ORBIT    NT RG VG JZ ET     0  -7.48   4.03   0.00   -104.3 -193.7    0.0  1.14275354E+07 -5.61E-02
 WARNING!    HRPLOT   I NCH     17   0
 WARNING!    HRPLOT   I NCH     18   0

 LAGR:    0.333  0.333  0.333  0.333  0.423  0.441  0.556  0.627  0.641  0.857  0.903

 ADJUST:  TIME =   43.60  Q = 0.59  DE =  2.79E-03  E = -0.066214  RMIN = 1.5E-02  DTMIN = 3.3E-04  TC =    2  DELTA =  3.0E-04  E(3) = -0.004391  DETOT = -0.005793

 LAGR:    0.319  0.319  0.319  0.319  0.431  0.477  0.571  0.616  0.642  0.861  0.901

 ADJUST:  TIME =   44.04  Q = 0.58  DE =  5.03E-03  E = -0.065673  RMIN = 1.5E-02  DTMIN = 3.3E-04  TC =    2  DELTA =  5.4E-04  E(3) = -0.004779  DETOT = -0.005252

 LAGR:    0.308  0.308  0.308  0.308  0.437  0.509  0.594  0.598  0.642  0.867  0.899

 ADJUST:  TIME =   44.47  Q = 0.57  DE =  2.37E-03  E = -0.065421  RMIN = 1.5E-02  DTMIN = 3.3E-04  TC =    2  DELTA =  2.5E-04  E(3) = -0.005085  DETOT = -0.004999

 LAGR:    0.301  0.301  0.301  0.301  0.442  0.539  0.578  0.617  0.641  0.872  0.909

 ADJUST:  TIME =   44.90  Q = 0.54  DE =  3.16E-03  E = -0.065105  RMIN = 1.5E-02  DTMIN = 3.3E-04  TC =    2  DELTA =  3.2E-04  E(3) = -0.005314  DETOT = -0.004683

 LAGR:    0.295  0.295  0.295  0.295  0.446  0.560  0.566  0.635  0.638  0.878  0.919

 ADJUST:  TIME =   45.33  Q = 0.51  DE =  1.65E-03  E = -0.064949  RMIN = 1.5E-02  DTMIN = 3.3E-04  TC =    2  DELTA =  1.6E-04  E(3) = -0.005530  DETOT = -0.004527

 LAGR:    0.291  0.291  0.291  0.291  0.449  0.546  0.591  0.634  0.650  0.883  0.928

 ADJUST:  TIME =   45.76  Q = 0.49  DE =  3.10E-03  E = -0.064664  RMIN = 1.5E-02  DTMIN = 3.3E-04  TC =    2  DELTA =  2.8E-04  E(3) = -0.005746  DETOT = -0.004242

 LAGR:    0.289  0.289  0.289  0.289  0.451  0.537  0.614  0.629  0.663  0.885  0.937

 ADJUST:  TIME =   46.19  Q = 0.48  DE =  1.72E-03  E = -0.064509  RMIN = 1.5E-02  DTMIN = 3.3E-04  TC =    2  DELTA =  1.6E-04  E(3) = -0.005956  DETOT = -0.004087

 LAGR:    0.288  0.288  0.288  0.288  0.452  0.531  0.623  0.636  0.674  0.880  0.946

 ADJUST:  TIME =   46.63  Q = 0.47  DE =  2.88E-03  E = -0.064249  RMIN = 1.5E-02  DTMIN = 3.3E-04  TC =    2  DELTA =  2.6E-04  E(3) = -0.006152  DETOT = -0.003827

 LAGR:    0.290  0.290  0.290  0.290  0.451  0.529  0.616  0.655  0.684  0.875  0.954

 ADJUST:  TIME =   47.06  Q = 0.46  DE =  1.46E-03  E = -0.064116  RMIN = 1.5E-02  DTMIN = 3.3E-04  TC =    2  DELTA =  1.3E-04  E(3) = -0.006330  DETOT = -0.003695

 LAGR:    0.293  0.293  0.293  0.293  0.450  0.532  0.608  0.673  0.693  0.869  0.961

 ADJUST:  TIME =   47.49  Q = 0.46  DE =  1.21E-03  E = -0.064005  RMIN = 1.5E-02  DTMIN = 3.3E-04  TC =    2  DELTA =  1.1E-04  E(3) = -0.006490  DETOT = -0.003583

 LAGR:    0.298  0.298  0.298  0.298  0.447  0.539  0.599  0.690  0.701  0.863  0.968

 ADJUST:  TIME =   47.92  Q = 0.45  DE =  2.19E-03  E = -0.063799  RMIN = 1.5E-02  DTMIN = 3.3E-04  TC =    2  DELTA =  2.1E-04  E(3) = -0.006635  DETOT = -0.003377

 LAGR:    0.306  0.306  0.306  0.306  0.444  0.550  0.589  0.704  0.709  0.856  0.975

 ADJUST:  TIME =   48.35  Q = 0.45  DE =  2.36E-03  E = -0.063569  RMIN = 1.5E-02  DTMIN = 3.3E-04  TC =    2  DELTA =  2.3E-04  E(3) = -0.006773  DETOT = -0.003147

 LAGR:    0.316  0.316  0.316  0.316  0.441  0.564  0.578  0.717  0.717  0.849  0.982

 ADJUST:  TIME =   48.79  Q = 0.45  DE =  1.21E-03  E = -0.063447  RMIN = 1.5E-02  DTMIN = 3.3E-04  TC =    2  DELTA =  1.2E-04  E(3) = -0.006912  DETOT = -0.003025

 LAGR:    0.329  0.329  0.329  0.329  0.437  0.566  0.581  0.724  0.729  0.841  0.988

 ADJUST:  TIME =   49.22  Q = 0.45  DE =  2.03E-03  E = -0.063240  RMIN = 1.5E-02  DTMIN = 3.3E-04  TC =    2  DELTA =  2.1E-04  E(3) = -0.007042  DETOT = -0.002819

 LAGR:    0.344  0.344  0.344  0.344  0.433  0.554  0.597  0.731  0.740  0.832  0.993

 ADJUST:  TIME =   49.65  Q = 0.44  DE = -4.68E-04  E = -0.063288  RMIN = 1.5E-02  DTMIN = 3.3E-04  TC =    2  DELTA = -4.8E-05  E(3) = -0.007128  DETOT = -0.002866

 LAGR:    0.362  0.362  0.362  0.362  0.430  0.544  0.613  0.738  0.750  0.823  0.998

 ADJUST:  TIME =   50.08  Q = 0.43  DE =  2.30E-03  E = -0.063051  RMIN = 1.5E-02  DTMIN = 3.3E-04  TC =    2  DELTA =  2.4E-04  E(3) = -0.007140  DETOT = -0.002629

 LAGR:    0.383  0.383  0.383  0.383  0.428  0.534  0.629  0.744  0.758  0.814  1.003

 ADJUST:  TIME =   50.51  Q = 0.44  DE = -2.74E-03  E = -0.063344  RMIN = 1.5E-02  DTMIN = 3.2E-04  TC =    2  DELTA = -2.9E-04  E(3) = -0.007062  DETOT = -0.002922

 LAGR:    0.405  0.405  0.405  0.405  0.428  0.526  0.642  0.751  0.765  0.804  1.008

 ADJUST:  TIME =   50.94  Q = 0.45  DE = -1.44E-03  E = -0.063510  RMIN = 1.4E-02  DTMIN = 2.9E-04  TC =    2  DELTA = -1.7E-04  E(3) = -0.006895  DETOT = -0.003088

 LAGR:    0.429  0.429  0.429  0.429  0.429  0.519  0.655  0.759  0.771  0.793  1.012

 ADJUST:  TIME =   51.38  Q = 0.47  DE = -1.97E-03  E = -0.063760  RMIN = 7.9E-03  DTMIN = 1.3E-04  TC =    2  DELTA = -2.5E-04  E(3) = -0.006651  DETOT = -0.003338

 LAGR:    0.435  0.435  0.435  0.435  0.454  0.513  0.667  0.769  0.774  0.782  1.016

 ADJUST:  TIME =   51.81  Q = 0.48  DE = -1.72E-03  E = -0.063994  RMIN = 7.9E-03  DTMIN = 1.3E-04  TC =    2  DELTA = -2.3E-04  E(3) = -0.006297  DETOT = -0.003572

 LAGR:    0.449  0.449  0.449  0.449  0.476  0.507  0.677  0.771  0.775  0.779  1.020

 ADJUST:  TIME =   52.24  Q = 0.48  DE = -2.54E-03  E = -0.064343  RMIN = 7.9E-03  DTMIN = 1.3E-04  TC =    2  DELTA = -3.5E-04  E(3) = -0.005654  DETOT = -0.003921

 LAGR:    0.473  0.473  0.473  0.473  0.496  0.501  0.687  0.759  0.775  0.788  1.024

 ADJUST:  TIME =   52.67  Q = 0.48  DE = -8.41E-03  E = -0.065508  RMIN = 7.9E-03  DTMIN = 1.3E-04  TC =    2  DELTA = -1.2E-03  E(3) = -0.004668  DETOT = -0.005086

 LAGR:    0.496  0.496  0.496  0.496  0.499  0.515  0.695  0.750  0.775  0.796  1.027

 ADJUST:  TIME =   53.10  Q = 0.50  DE = -5.97E-03  E = -0.066420  RMIN = 7.9E-03  DTMIN = 1.3E-04  TC =    2  DELTA = -9.1E-04  E(3) = -0.003433  DETOT = -0.005998

 LAGR:    0.500  0.500  0.500  0.500  0.525  0.530  0.703  0.746  0.769  0.803  1.031

 ADJUST:  TIME =   53.53  Q = 0.48  DE = -1.21E-02  E = -0.068128  RMIN = 7.9E-03  DTMIN = 1.3E-04  TC =    2  DELTA = -1.7E-03  E(3) = -0.002071  DETOT = -0.007707

 LAGR:    0.515  0.515  0.515  0.515  0.541  0.549  0.709  0.746  0.761  0.808  1.034

 ADJUST:  TIME =   53.97  Q = 0.45  DE = -8.92E-03  E = -0.069236  RMIN = 7.9E-03  DTMIN = 1.3E-04  TC =    2  DELTA = -1.1E-03  E(3) = -0.000630  DETOT = -0.008814

 LAGR:    0.531  0.531  0.531  0.531  0.553  0.572  0.714  0.749  0.752  0.811  1.037

 ADJUST:  TIME =   54.40  Q = 0.44  DE = -1.65E-02  E = -0.071194  RMIN = 7.9E-03  DTMIN = 1.3E-04  TC =    2  DELTA = -2.0E-03  E(3) =  0.000946  DETOT = -0.010773

 LAGR:    0.548  0.548  0.548  0.548  0.568  0.594  0.719  0.741  0.754  0.812  1.040

 ADJUST:  TIME =   54.83  Q = 0.44  DE = -1.01E-02  E = -0.072373  RMIN = 7.9E-03  DTMIN = 1.3E-04  TC =    2  DELTA = -1.2E-03  E(3) =  0.002672  DETOT = -0.011951

 LAGR:    0.566  0.566  0.566  0.566  0.583  0.616  0.722  0.729  0.762  0.810  1.043

 ADJUST:  TIME =   55.26  Q = 0.44  DE = -2.15E-02  E = -0.074882  RMIN = 7.9E-03  DTMIN = 1.3E-04  TC =    2  DELTA = -2.5E-03  E(3) =  0.004558  DETOT = -0.014460

 LAGR:    0.584  0.584  0.584  0.584  0.599  0.637  0.716  0.725  0.771  0.806  1.046

 ADJUST:  TIME =   55.69  Q = 0.45  DE = -1.23E-02  E = -0.076326  RMIN = 7.9E-03  DTMIN = 1.3E-04  TC =    2  DELTA = -1.4E-03  E(3) =  0.006617  DETOT = -0.015905

 LAGR:    0.603  0.603  0.603  0.603  0.616  0.657  0.701  0.726  0.781  0.800  1.049

 ADJUST:  TIME =   56.12  Q = 0.45  DE = -1.34E-02  E = -0.077907  RMIN = 7.9E-03  DTMIN = 1.3E-04  TC =    2  DELTA = -1.6E-03  E(3) =  0.008860  DETOT = -0.017485

 LAGR:    0.622  0.622  0.622  0.622  0.632  0.677  0.684  0.727  0.791  0.793  1.052

 ADJUST:  TIME =   56.56  Q = 0.46  DE = -2.63E-02  E = -0.081066  RMIN = 7.9E-03  DTMIN = 1.3E-04  TC =    2  DELTA = -3.2E-03  E(3) =  0.011289  DETOT = -0.020644

 LAGR:    0.643  0.643  0.643  0.643  0.648  0.666  0.695  0.726  0.785  0.801  1.055

 ADJUST:  TIME =   56.99  Q = 0.48  DE = -1.48E-02  E = -0.082895  RMIN = 7.9E-03  DTMIN = 1.3E-04  TC =    2  DELTA = -1.8E-03  E(3) =  0.013898  DETOT = -0.022473

 LAGR:    0.647  0.647  0.647  0.647  0.664  0.664  0.711  0.725  0.775  0.810  1.058

 ADJUST:  TIME =   57.42  Q = 0.49  DE = -2.79E-02  E = -0.086470  RMIN = 7.9E-03  DTMIN = 1.3E-04  TC =    2  DELTA = -3.6E-03  E(3) =  0.016677  DETOT = -0.026048

 LAGR:    0.627  0.627  0.627  0.627  0.679  0.686  0.722  0.726  0.763  0.818  1.062

 ADJUST:  TIME =   57.85  Q = 0.51  DE = -1.50E-02  E = -0.088480  RMIN = 7.9E-03  DTMIN = 1.3E-04  TC =    2  DELTA = -2.0E-03  E(3) =  0.019609  DETOT = -0.028058

 LAGR:    0.608  0.608  0.608  0.608  0.693  0.709  0.719  0.739  0.748  0.826  1.065

 ADJUST:  TIME =   58.28  Q = 0.53  DE = -2.94E-02  E = -0.092629  RMIN = 7.9E-03  DTMIN = 1.3E-04  TC =    2  DELTA = -4.1E-03  E(3) =  0.022668  DETOT = -0.032207

 LAGR:    0.589  0.589  0.589  0.589  0.707  0.715  0.732  0.733  0.750  0.833  1.069

 ADJUST:  TIME =   58.72  Q = 0.55  DE = -1.46E-02  E = -0.094757  RMIN = 7.9E-03  DTMIN = 1.3E-04  TC =    3  DELTA = -2.1E-03  E(3) =  0.025808  DETOT = -0.034335

 LAGR:    0.571  0.571  0.571  0.571  0.710  0.716  0.720  0.755  0.757  0.839  1.073

 ADJUST:  TIME =   59.15  Q = 0.56  DE = -3.01E-02  E = -0.099102  RMIN = 7.9E-03  DTMIN = 1.3E-04  TC =    2  DELTA = -4.3E-03  E(3) =  0.028976  DETOT = -0.038680

 LAGR:    0.555  0.555  0.555  0.555  0.701  0.704  0.733  0.762  0.776  0.845  1.077

 ADJUST:  TIME =   59.58  Q = 0.56  DE = -1.64E-02  E = -0.101412  RMIN = 7.9E-03  DTMIN = 1.3E-04  TC =    2  DELTA = -2.3E-03  E(3) =  0.032148  DETOT = -0.040991

 LAGR:    0.541  0.541  0.541  0.541  0.689  0.697  0.744  0.765  0.794  0.850  1.081

 ADJUST:  TIME =   60.01  Q = 0.57  DE = -3.05E-02  E = -0.105632  RMIN = 7.9E-03  DTMIN = 1.3E-04  TC =    2  DELTA = -4.2E-03  E(3) =  0.035337  DETOT = -0.045210

 LAGR:    0.529  0.529  0.529  0.529  0.677  0.689  0.756  0.767  0.810  0.839  1.085

 ADJUST:  TIME =   60.44  Q = 0.58  DE = -1.64E-02  E = -0.107904  RMIN = 7.9E-03  DTMIN = 1.3E-04  TC =    2  DELTA = -2.3E-03  E(3) =  0.038544  DETOT = -0.047482

 LAGR:    0.521  0.521  0.521  0.521  0.666  0.680  0.767  0.768  0.825  0.828  1.090

 ADJUST:  TIME =   60.87  Q = 0.60  DE = -1.65E-02  E = -0.110248  RMIN = 7.9E-03  DTMIN = 1.3E-04  TC =    2  DELTA = -2.3E-03  E(3) =  0.041759  DETOT = -0.049826

 LAGR:    0.516  0.516  0.516  0.516  0.655  0.670  0.768  0.779  0.815  0.838  1.095

 ADJUST:  TIME =   61.31  Q = 0.63  DE = -2.83E-02  E = -0.114512  RMIN = 7.9E-03  DTMIN = 1.3E-04  TC =    2  DELTA = -4.3E-03  E(3) =  0.044956  DETOT = -0.054091

 LAGR:    0.516  0.516  0.516  0.516  0.643  0.660  0.768  0.794  0.798  0.851  1.100

 ADJUST:  TIME =   61.74  Q = 0.68  DE = -1.35E-02  E = -0.116926  RMIN = 7.9E-03  DTMIN = 1.3E-04  TC =    3  DELTA = -2.4E-03  E(3) =  0.048096  DETOT = -0.056504

 LAGR:    0.520  0.520  0.520  0.520  0.631  0.648  0.767  0.778  0.810  0.862  1.105

 ADJUST:  TIME =   62.17  Q = 0.66  DE = -2.63E-02  E = -0.121024  RMIN = 7.9E-03  DTMIN = 1.3E-04  TC =    3  DELTA = -4.1E-03  E(3) =  0.051209  DETOT = -0.060602

 LAGR:    0.527  0.527  0.527  0.527  0.618  0.636  0.764  0.766  0.820  0.872  1.111

 ADJUST:  TIME =   62.60  Q = 0.66  DE = -1.53E-02  E = -0.123312  RMIN = 7.9E-03  DTMIN = 1.3E-04  TC =    3  DELTA = -2.3E-03  E(3) =  0.054289  DETOT = -0.062890

 LAGR:    0.537  0.537  0.537  0.537  0.605  0.623  0.750  0.764  0.829  0.876  1.117

 ADJUST:  TIME =   63.03  Q = 0.67  DE = -2.69E-02  E = -0.127301  RMIN = 7.9E-03  DTMIN = 1.3E-04  TC =    3  DELTA = -4.0E-03  E(3) =  0.057297  DETOT = -0.066879

 LAGR:    0.548  0.548  0.548  0.548  0.591  0.609  0.737  0.762  0.838  0.877  1.123

 ADJUST:  TIME =   63.46  Q = 0.68  DE = -1.58E-02  E = -0.129643  RMIN = 7.9E-03  DTMIN = 1.3E-04  TC =    3  DELTA = -2.3E-03  E(3) =  0.060202  DETOT = -0.069221

 LAGR:    0.562  0.562  0.562  0.562  0.577  0.595  0.724  0.759  0.846  0.879  1.129

 ADJUST:  TIME =   63.90  Q = 0.69  DE = -2.35E-02  E = -0.133166  RMIN = 7.9E-03  DTMIN = 1.3E-04  TC =    3  DELTA = -3.5E-03  E(3) =  0.062977  DETOT = -0.072744

 BINARY ESCAPE    KS =    6  NM =    16     6  K* =  0  0  0  0  M =  0.0  1.0  EB = -0.0007  R*/PM = 0.00  V/<V> = 2.11  E = 0.69  EI = 0.04526  P = 1.6E+03

 ESCAPE    N =    17     1   1  0.9000   -0.177710   4.65  13.45  0.125   0.58  0.05294     3      36

 LAGR:    0.563  0.563  0.563  0.563  0.576  0.580  0.711  0.711  0.755  0.854  0.906

 ADJUST:  TIME =   64.33  Q = 0.56  DE = -1.53E-02  E = -0.179276  RMIN = 7.9E-03  DTMIN = 1.3E-04  TC =    3  DELTA = -1.6E-03  E(3) =  0.019765  DETOT = -0.074311

 LAGR:    0.549  0.549  0.549  0.549  0.566  0.590  0.698  0.698  0.751  0.862  0.913

 ADJUST:  TIME =   64.76  Q = 0.58  DE = -2.46E-02  E = -0.181840  RMIN = 7.9E-03  DTMIN = 1.3E-04  TC =    3  DELTA = -2.6E-03  E(3) =  0.021730  DETOT = -0.076875

 LAGR:    0.535  0.535  0.535  0.535  0.551  0.605  0.684  0.684  0.746  0.870  0.919

 ADJUST:  TIME =   65.19  Q = 0.59  DE = -1.30E-02  E = -0.183228  RMIN = 7.9E-03  DTMIN = 1.3E-04  TC =    3  DELTA = -1.4E-03  E(3) =  0.023586  DETOT = -0.078263

 LAGR:    0.520  0.520  0.520  0.520  0.537  0.620  0.671  0.671  0.741  0.878  0.925

 ADJUST:  TIME =   65.62  Q = 0.61  DE = -1.22E-02  E = -0.184553  RMIN = 7.9E-03  DTMIN = 1.3E-04  TC =    3  DELTA = -1.3E-03  E(3) =  0.025308  DETOT = -0.079588

 LAGR:    0.506  0.506  0.506  0.506  0.525  0.635  0.659  0.659  0.736  0.880  0.930

 ADJUST:  TIME =   66.05  Q = 0.62  DE = -1.94E-02  E = -0.186720  RMIN = 7.9E-03  DTMIN = 1.3E-04  TC =    3  DELTA = -2.2E-03  E(3) =  0.026874  DETOT = -0.081755

 LAGR:    0.491  0.491  0.491  0.491  0.513  0.647  0.650  0.650  0.730  0.880  0.935

 ADJUST:  TIME =   66.49  Q = 0.64  DE = -9.23E-03  E = -0.187778  RMIN = 7.9E-03  DTMIN = 1.3E-04  TC =    3  DELTA = -1.1E-03  E(3) =  0.028261  DETOT = -0.082812

 LAGR:    0.477  0.477  0.477  0.477  0.503  0.636  0.664  0.664  0.723  0.879  0.940

 ADJUST:  TIME =   66.92  Q = 0.65  DE = -1.41E-02  E = -0.189428  RMIN = 7.9E-03  DTMIN = 1.3E-04  TC =    3  DELTA = -1.7E-03  E(3) =  0.029450  DETOT = -0.084463

 LAGR:    0.463  0.463  0.463  0.463  0.496  0.626  0.678  0.678  0.717  0.878  0.943

 ADJUST:  TIME =   67.35  Q = 0.65  DE = -6.57E-03  E = -0.190209  RMIN = 7.9E-03  DTMIN = 1.3E-04  TC =    3  DELTA = -7.8E-04  E(3) =  0.030418  DETOT = -0.085244

 LAGR:    0.450  0.450  0.450  0.450  0.492  0.619  0.690  0.690  0.710  0.876  0.947

 ADJUST:  TIME =   67.78  Q = 0.65  DE = -8.74E-03  E = -0.191252  RMIN = 7.9E-03  DTMIN = 1.3E-04  TC =    3  DELTA = -1.0E-03  E(3) =  0.031143  DETOT = -0.086287

 LAGR:    0.437  0.437  0.437  0.437  0.490  0.615  0.701  0.701  0.703  0.875  0.950

 ADJUST:  TIME =   68.21  Q = 0.65  DE = -3.43E-03  E = -0.191658  RMIN = 7.9E-03  DTMIN = 1.3E-04  TC =    3  DELTA = -4.1E-04  E(3) =  0.031607  DETOT = -0.086693

 LAGR:    0.425  0.425  0.425  0.425  0.492  0.615  0.695  0.695  0.711  0.873  0.953

 ADJUST:  TIME =   68.64  Q = 0.64  DE = -2.90E-03  E = -0.191997  RMIN = 7.9E-03  DTMIN = 1.3E-04  TC =    3  DELTA = -3.4E-04  E(3) =  0.031807  DETOT = -0.087032

 LAGR:    0.414  0.414  0.414  0.414  0.496  0.616  0.688  0.688  0.721  0.871  0.955

 ADJUST:  TIME =   69.08  Q = 0.63  DE = -5.91E-05  E = -0.192004  RMIN = 7.9E-03  DTMIN = 1.3E-04  TC =    3  DELTA = -6.8E-06  E(3) =  0.031752  DETOT = -0.087039

 LAGR:    0.404  0.404  0.404  0.404  0.503  0.620  0.681  0.681  0.729  0.869  0.957

 ADJUST:  TIME =   69.51  Q = 0.61  DE =  2.96E-03  E = -0.191670  RMIN = 7.9E-03  DTMIN = 1.3E-04  TC =    3  DELTA =  3.3E-04  E(3) =  0.031458  DETOT = -0.086705

 LAGR:    0.396  0.396  0.396  0.396  0.513  0.626  0.674  0.674  0.738  0.867  0.959

 ADJUST:  TIME =   69.94  Q = 0.59  DE =  3.12E-03  E = -0.191324  RMIN = 7.9E-03  DTMIN = 1.3E-04  TC =    3  DELTA =  3.5E-04  E(3) =  0.030950  DETOT = -0.086359

 LAGR:    0.389  0.389  0.389  0.389  0.524  0.633  0.668  0.668  0.746  0.865  0.961

 ADJUST:  TIME =   70.37  Q = 0.58  DE =  4.11E-03  E = -0.190877  RMIN = 7.9E-03  DTMIN = 1.3E-04  TC =    3  DELTA =  4.5E-04  E(3) =  0.030255  DETOT = -0.085912

 LAGR:    0.385  0.385  0.385  0.385  0.537  0.640  0.662  0.662  0.753  0.862  0.962

 ADJUST:  TIME =   70.80  Q = 0.56  DE =  9.85E-03  E = -0.189824  RMIN = 7.9E-03  DTMIN = 1.3E-04  TC =    3  DELTA =  1.1E-03  E(3) =  0.029402  DETOT = -0.084858

 LAGR:    0.382  0.382  0.382  0.382  0.551  0.649  0.657  0.657  0.760  0.860  0.963

 ADJUST:  TIME =   71.24  Q = 0.54  DE =  6.51E-03  E = -0.189138  RMIN = 7.9E-03  DTMIN = 1.3E-04  TC =    4  DELTA =  6.9E-04  E(3) =  0.028422  DETOT = -0.084173

 LAGR:    0.381  0.381  0.381  0.381  0.566  0.654  0.658  0.658  0.767  0.857  0.966

 ADJUST:  TIME =   71.67  Q = 0.52  DE =  1.32E-02  E = -0.187765  RMIN = 7.9E-03  DTMIN = 1.3E-04  TC =    4  DELTA =  1.4E-03  E(3) =  0.027346  DETOT = -0.082800

 LAGR:    0.383  0.383  0.383  0.383  0.581  0.652  0.667  0.667  0.774  0.853  0.970

 ADJUST:  TIME =   72.10  Q = 0.51  DE =  8.16E-03  E = -0.186928  RMIN = 7.9E-03  DTMIN = 1.3E-04  TC =    3  DELTA =  8.4E-04  E(3) =  0.026204  DETOT = -0.081963

 LAGR:    0.387  0.387  0.387  0.387  0.596  0.652  0.676  0.676  0.781  0.849  0.973

 ADJUST:  TIME =   72.53  Q = 0.49  DE =  1.51E-02  E = -0.185388  RMIN = 7.9E-03  DTMIN = 1.3E-04  TC =    3  DELTA =  1.5E-03  E(3) =  0.025027  DETOT = -0.080423

 LAGR:    0.393  0.393  0.393  0.393  0.611  0.653  0.684  0.684  0.788  0.845  0.975

 ADJUST:  TIME =   72.96  Q = 0.48  DE =  8.62E-03  E = -0.184516  RMIN = 7.9E-03  DTMIN = 1.3E-04  TC =    3  DELTA =  8.7E-04  E(3) =  0.023849  DETOT = -0.079550

 LAGR:    0.401  0.401  0.401  0.401  0.626  0.656  0.693  0.693  0.795  0.839  0.978

 ADJUST:  TIME =   73.39  Q = 0.46  DE =  1.50E-02  E = -0.182994  RMIN = 7.9E-03  DTMIN = 1.3E-04  TC =    3  DELTA =  1.5E-03  E(3) =  0.022702  DETOT = -0.078029

 LAGR:    0.411  0.411  0.411  0.411  0.640  0.662  0.701  0.701  0.803  0.832  0.980

 ADJUST:  TIME =   73.83  Q = 0.45  DE =  8.01E-03  E = -0.182184  RMIN = 7.9E-03  DTMIN = 1.3E-04  TC =    3  DELTA =  8.1E-04  E(3) =  0.021627  DETOT = -0.077219

 LAGR:    0.422  0.422  0.422  0.422  0.654  0.669  0.708  0.708  0.812  0.823  0.981

 ADJUST:  TIME =   74.26  Q = 0.44  DE =  1.28E-02  E = -0.180892  RMIN = 7.9E-03  DTMIN = 1.3E-04  TC =    3  DELTA =  1.3E-03  E(3) =  0.020667  DETOT = -0.075927

 LAGR:    0.436  0.436  0.436  0.436  0.668  0.678  0.715  0.715  0.814  0.820  0.982

 ADJUST:  TIME =   74.69  Q = 0.43  DE =  6.23E-03  E = -0.180273  RMIN = 7.9E-03  DTMIN = 1.3E-04  TC =    3  DELTA =  6.2E-04  E(3) =  0.019857  DETOT = -0.075308

 LAGR:    0.450  0.450  0.450  0.450  0.681  0.688  0.722  0.722  0.804  0.827  0.982

 ADJUST:  TIME =   75.12  Q = 0.42  DE =  5.50E-03  E = -0.179739  RMIN = 7.9E-03  DTMIN = 1.3E-04  TC =    3  DELTA =  5.3E-04  E(3) =  0.019216  DETOT = -0.074774

 LAGR:    0.466  0.466  0.466  0.466  0.693  0.699  0.728  0.728  0.795  0.833  0.982

 ADJUST:  TIME =   75.55  Q = 0.41  DE =  7.29E-03  E = -0.179044  RMIN = 7.9E-03  DTMIN = 1.3E-04  TC =    3  DELTA =  7.0E-04  E(3) =  0.018748  DETOT = -0.074078

 LAGR:    0.482  0.482  0.482  0.482  0.705  0.711  0.733  0.733  0.786  0.838  0.982

 ADJUST:  TIME =   75.98  Q = 0.40  DE =  2.88E-03  E = -0.178772  RMIN = 7.9E-03  DTMIN = 1.3E-04  TC =    3  DELTA =  2.7E-04  E(3) =  0.018458  DETOT = -0.073807

 LAGR:    0.500  0.500  0.500  0.500  0.716  0.725  0.738  0.738  0.777  0.841  0.981

 ADJUST:  TIME =   76.42  Q = 0.40  DE =  2.22E-03  E = -0.178563  RMIN = 7.9E-03  DTMIN = 1.3E-04  TC =    3  DELTA =  2.1E-04  E(3) =  0.018356  DETOT = -0.073598

 LAGR:    0.517  0.517  0.517  0.517  0.727  0.739  0.742  0.742  0.767  0.844  0.979

 ADJUST:  TIME =   76.85  Q = 0.40  DE = -1.66E-04  E = -0.178579  RMIN = 7.9E-03  DTMIN = 1.3E-04  TC =    3  DELTA = -1.6E-05  E(3) =  0.018451  DETOT = -0.073613

 LAGR:    0.535  0.535  0.535  0.535  0.737  0.746  0.753  0.753  0.758  0.846  0.977

 ADJUST:  TIME =   77.28  Q = 0.40  DE = -3.35E-03  E = -0.178903  RMIN = 7.9E-03  DTMIN = 1.3E-04  TC =    3  DELTA = -3.2E-04  E(3) =  0.018749  DETOT = -0.073938

 LAGR:    0.553  0.553  0.553  0.553  0.747  0.748  0.749  0.749  0.767  0.848  0.974

 ADJUST:  TIME =   77.71  Q = 0.40  DE = -3.26E-03  E = -0.179226  RMIN = 7.9E-03  DTMIN = 1.3E-04  TC =    3  DELTA = -3.2E-04  E(3) =  0.019248  DETOT = -0.074261

 LAGR:    0.572  0.572  0.572  0.572  0.741  0.752  0.756  0.756  0.780  0.849  0.971

 ADJUST:  TIME =   78.14  Q = 0.41  DE = -8.63E-03  E = -0.180095  RMIN = 7.9E-03  DTMIN = 1.3E-04  TC =    3  DELTA = -8.7E-04  E(3) =  0.019951  DETOT = -0.075129

 LAGR:    0.590  0.590  0.590  0.590  0.737  0.754  0.765  0.765  0.789  0.849  0.968

 ADJUST:  TIME =   78.57  Q = 0.41  DE = -6.30E-03  E = -0.180730  RMIN = 7.9E-03  DTMIN = 1.3E-04  TC =    3  DELTA = -6.4E-04  E(3) =  0.020870  DETOT = -0.075765

 LAGR:    0.609  0.609  0.609  0.609  0.737  0.755  0.773  0.773  0.795  0.849  0.963

 ADJUST:  TIME =   79.01  Q = 0.41  DE = -1.46E-02  E = -0.182205  RMIN = 7.9E-03  DTMIN = 1.3E-04  TC =    3  DELTA = -1.5E-03  E(3) =  0.022031  DETOT = -0.077240

 LAGR:    0.627  0.627  0.627  0.627  0.740  0.756  0.782  0.782  0.799  0.849  0.959

 ADJUST:  TIME =   79.44  Q = 0.42  DE = -9.92E-03  E = -0.183213  RMIN = 7.9E-03  DTMIN = 1.3E-04  TC =    3  DELTA = -1.0E-03  E(3) =  0.023445  DETOT = -0.078248

 LAGR:    0.645  0.645  0.645  0.645  0.746  0.756  0.790  0.790  0.802  0.848  0.953

 ADJUST:  TIME =   79.87  Q = 0.43  DE = -1.10E-02  E = -0.184352  RMIN = 7.9E-03  DTMIN = 1.3E-04  TC =    3  DELTA = -1.1E-03  E(3) =  0.025114  DETOT = -0.079387

 LAGR:    0.663  0.663  0.663  0.663  0.753  0.757  0.798  0.798  0.804  0.847  0.947

 ADJUST:  TIME =   80.30  Q = 0.44  DE = -2.27E-02  E = -0.186764  RMIN = 7.9E-03  DTMIN = 1.3E-04  TC =    3  DELTA = -2.4E-03  E(3) =  0.027030  DETOT = -0.081799

 LAGR:    0.681  0.681  0.681  0.681  0.756  0.761  0.805  0.805  0.806  0.845  0.943

 ADJUST:  TIME =   80.73  Q = 0.46  DE = -1.44E-02  E = -0.188367  RMIN = 7.9E-03  DTMIN = 1.3E-04  TC =    3  DELTA = -1.6E-03  E(3) =  0.029182  DETOT = -0.083401

 LAGR:    0.698  0.698  0.698  0.698  0.756  0.770  0.806  0.806  0.815  0.842  0.941

 ADJUST:  TIME =   81.17  Q = 0.48  DE = -2.54E-02  E = -0.191368  RMIN = 7.9E-03  DTMIN = 1.3E-04  TC =    3  DELTA = -3.0E-03  E(3) =  0.031552  DETOT = -0.086403

 LAGR:    0.716  0.716  0.716  0.716  0.755  0.779  0.806  0.806  0.825  0.838  0.939

 ADJUST:  TIME =   81.60  Q = 0.52  DE = -1.35E-02  E = -0.193159  RMIN = 7.9E-03  DTMIN = 1.3E-04  TC =    3  DELTA = -1.8E-03  E(3) =  0.034115  DETOT = -0.088194

 LAGR:    0.732  0.732  0.732  0.732  0.754  0.788  0.805  0.805  0.830  0.837  0.937

 ADJUST:  TIME =   82.03  Q = 0.57  DE = -2.29E-02  E = -0.196679  RMIN = 7.9E-03  DTMIN = 1.3E-04  TC =    3  DELTA = -3.5E-03  E(3) =  0.036826  DETOT = -0.091714

 LAGR:    0.749  0.749  0.749  0.749  0.752  0.798  0.804  0.804  0.825  0.847  0.935

 ADJUST:  TIME =   82.46  Q = 0.56  DE = -1.54E-02  E = -0.198776  RMIN = 7.9E-03  DTMIN = 1.3E-04  TC =    3  DELTA = -2.1E-03  E(3) =  0.039743  DETOT = -0.093811

 LAGR:    0.751  0.751  0.751  0.751  0.765  0.804  0.807  0.807  0.822  0.854  0.933

 ADJUST:  TIME =   82.89  Q = 0.57  DE = -2.99E-02  E = -0.202843  RMIN = 7.9E-03  DTMIN = 1.3E-04  TC =    3  DELTA = -4.1E-03  E(3) =  0.042871  DETOT = -0.097878

 LAGR:    0.750  0.750  0.750  0.750  0.781  0.804  0.817  0.817  0.819  0.860  0.931

 ADJUST:  TIME =   83.32  Q = 0.59  DE = -1.81E-02  E = -0.205357  RMIN = 7.9E-03  DTMIN = 1.3E-04  TC =    3  DELTA = -2.5E-03  E(3) =  0.046164  DETOT = -0.100392

 LAGR:    0.748  0.748  0.748  0.748  0.796  0.805  0.815  0.815  0.826  0.866  0.929

 ADJUST:  TIME =   83.76  Q = 0.62  DE = -3.04E-02  E = -0.209709  RMIN = 7.9E-03  DTMIN = 1.3E-04  TC =    3  DELTA = -4.4E-03  E(3) =  0.049567  DETOT = -0.104744

 LAGR:    0.747  0.747  0.747  0.747  0.806  0.811  0.811  0.811  0.836  0.866  0.927

 ADJUST:  TIME =   84.19  Q = 0.65  DE = -1.72E-02  E = -0.212256  RMIN = 7.9E-03  DTMIN = 1.3E-04  TC =    3  DELTA = -2.5E-03  E(3) =  0.053021  DETOT = -0.107291

 LAGR:    0.747  0.747  0.747  0.747  0.807  0.808  0.825  0.825  0.845  0.854  0.925

 ADJUST:  TIME =   84.62  Q = 0.68  DE = -1.64E-02  E = -0.214813  RMIN = 7.9E-03  DTMIN = 1.3E-04  TC =    3  DELTA = -2.6E-03  E(3) =  0.056469  DETOT = -0.109848

 LAGR:    0.747  0.747  0.747  0.747  0.804  0.810  0.839  0.839  0.841  0.854  0.923

 ADJUST:  TIME =   85.05  Q = 0.72  DE = -2.63E-02  E = -0.219303  RMIN = 7.9E-03  DTMIN = 1.3E-04  TC =    4  DELTA = -4.5E-03  E(3) =  0.059846  DETOT = -0.114337

 LAGR:    0.747  0.747  0.747  0.747  0.804  0.808  0.828  0.828  0.852  0.863  0.921

 ADJUST:  TIME =   85.48  Q = 0.77  DE = -1.37E-02  E = -0.222014  RMIN = 7.9E-03  DTMIN = 1.3E-04  TC =    4  DELTA = -2.7E-03  E(3) =  0.063127  DETOT = -0.117049

 LAGR:    0.748  0.748  0.748  0.748  0.801  0.810  0.815  0.815  0.864  0.871  0.919

 ADJUST:  TIME =   85.91  Q = 0.77  DE = -2.31E-02  E = -0.226111  RMIN = 7.9E-03  DTMIN = 1.3E-04  TC =    4  DELTA = -4.1E-03  E(3) =  0.066333  DETOT = -0.121146

 LAGR:    0.751  0.751  0.751  0.751  0.796  0.800  0.815  0.815  0.876  0.880  0.917

 ADJUST:  TIME =   86.35  Q = 0.78  DE = -1.24E-02  E = -0.228262  RMIN = 7.9E-03  DTMIN = 1.3E-04  TC =    4  DELTA = -2.2E-03  E(3) =  0.069303  DETOT = -0.123297


 T =    86.  N =    17  <NB> =  0  KS =    7  NM =  0  MM = 0  NS =     0  NSTEPS =      15786         0      10534          0  DE = -8.3E-01  E = -0.228262  M = 0.8000

    <R>  RTIDE  RDENS   RC    NC   MC   RHOD   RHOM  CMAX   <Cn>   Ir/R   UN    NP   RCM    VCM      AZ      EB/E   EM/E   TCR     T6  NESC  VRMS
 #1 6.53   4.3  0.00 3.0723   17  0.800 2915.  2915.   19.   1.2  0.000    7     0   6.573  0.4425   2.2396 -0.072  0.000 19.83   200     0   0.2

       NNPRED    NBCORR  NBFULL  NBVOID    NICONV  NBSMIN  NBDIS  NBDIS2  NCMDER  NBDER  NFAST  NBFAST    NBLOCK    NBLCKR     NBPRED     NBFLUX  NIRECT  NRRECT  NURECT  NBRECT
 #2      4122         0   50248    25726     1955       0      0       0       0      0      0       0      6250         0       7582       3436       0       0       0       0

     NKSTRY  NKSREG  NKSHYP     NKSPER  NPRECT  NEWKS   NKSMOD    NTTRY  NTRIP  NQUAD  NCHAIN  NMERG  NEWHI  NSTEPT  NSTEPQ  NSTEPC
 #3      732     10       0  346859655       0      0        0      639      1      0       1      0      0       0       0     853

 MASS GROUPS:    T NP0 NP1 NP2 RM1 RM2 RP0 RP1 RP2    86.3    0     7      3   6.529  8.262 -0.000  2.625  0.000

     CLUSTER ORBIT    NT RG VG JZ ET     0   4.68  -7.09   0.00    183.6  121.2    0.0  1.14275354E+07 -2.92E-01
 WARNING!    HRPLOT   I NCH     15   0
 WARNING!    HRPLOT   I NCH     16   0

 LAGR:    0.754  0.754  0.754  0.754  0.786  0.794  0.818  0.818  0.887  0.888  0.915

 ADJUST:  TIME =   86.78  Q = 0.80  DE = -2.11E-02  E = -0.231932  RMIN = 1.6E-02  DTMIN = 3.6E-04  TC =    4  DELTA = -3.7E-03  E(3) =  0.072028  DETOT = -0.126966

 LAGR:    0.758  0.758  0.758  0.758  0.771  0.793  0.821  0.821  0.896  0.896  0.913

 ADJUST:  TIME =   87.21  Q = 0.81  DE = -1.07E-02  E = -0.233810  RMIN = 1.6E-02  DTMIN = 3.6E-04  TC =    4  DELTA = -1.9E-03  E(3) =  0.074491  DETOT = -0.128845

 LAGR:    0.756  0.756  0.756  0.756  0.763  0.793  0.823  0.823  0.903  0.905  0.917

 ADJUST:  TIME =   87.64  Q = 0.82  DE = -1.65E-02  E = -0.236762  RMIN = 1.6E-02  DTMIN = 3.6E-04  TC =    4  DELTA = -3.0E-03  E(3) =  0.076674  DETOT = -0.131796

 LAGR:    0.741  0.741  0.741  0.741  0.770  0.795  0.825  0.825  0.910  0.912  0.923

 ADJUST:  TIME =   88.07  Q = 0.83  DE = -7.97E-03  E = -0.238205  RMIN = 1.6E-02  DTMIN = 3.6E-04  TC =    4  DELTA = -1.4E-03  E(3) =  0.078555  DETOT = -0.133240

 LAGR:    0.726  0.726  0.726  0.726  0.778  0.798  0.828  0.828  0.917  0.919  0.930

 ADJUST:  TIME =   88.50  Q = 0.84  DE = -1.16E-02  E = -0.240329  RMIN = 1.6E-02  DTMIN = 3.6E-04  TC =    4  DELTA = -2.1E-03  E(3) =  0.080117  DETOT = -0.135364

 LAGR:    0.712  0.712  0.712  0.712  0.787  0.802  0.830  0.830  0.924  0.925  0.936

 ADJUST:  TIME =   88.94  Q = 0.84  DE = -5.13E-03  E = -0.241282  RMIN = 1.6E-02  DTMIN = 3.6E-04  TC =    4  DELTA = -9.5E-04  E(3) =  0.081351  DETOT = -0.136317

 LAGR:    0.698  0.698  0.698  0.698  0.797  0.806  0.832  0.832  0.929  0.930  0.942

 ADJUST:  TIME =   89.37  Q = 0.83  DE = -4.21E-03  E = -0.242068  RMIN = 1.6E-02  DTMIN = 3.6E-04  TC =    4  DELTA = -7.9E-04  E(3) =  0.082264  DETOT = -0.137103

 LAGR:    0.685  0.685  0.685  0.685  0.808  0.812  0.835  0.835  0.933  0.935  0.947

 ADJUST:  TIME =   89.80  Q = 0.82  DE = -5.02E-03  E = -0.243007  RMIN = 1.6E-02  DTMIN = 3.6E-04  TC =    4  DELTA = -9.4E-04  E(3) =  0.082880  DETOT = -0.138042

 LAGR:    0.674  0.674  0.674  0.674  0.817  0.820  0.838  0.838  0.936  0.940  0.952

 ADJUST:  TIME =   90.23  Q = 0.81  DE = -1.70E-03  E = -0.243328  RMIN = 1.6E-02  DTMIN = 3.6E-04  TC =    4  DELTA = -3.2E-04  E(3) =  0.083232  DETOT = -0.138363

 LAGR:    0.664  0.664  0.664  0.664  0.824  0.832  0.841  0.841  0.939  0.944  0.957

 ADJUST:  TIME =   90.66  Q = 0.80  DE = -1.15E-03  E = -0.243551  RMIN = 9.7E-03  DTMIN = 1.7E-04  TC =    4  DELTA = -2.2E-04  E(3) =  0.083360  DETOT = -0.138586

 LAGR:    0.656  0.656  0.656  0.656  0.830  0.844  0.844  0.844  0.941  0.945  0.962

 ADJUST:  TIME =   91.09  Q = 0.78  DE = -7.66E-04  E = -0.243698  RMIN = 9.7E-03  DTMIN = 1.7E-04  TC =    4  DELTA = -1.5E-04  E(3) =  0.083323  DETOT = -0.138733

 LAGR:    0.649  0.649  0.649  0.649  0.837  0.848  0.856  0.856  0.942  0.944  0.966

 ADJUST:  TIME =   91.53  Q = 0.76  DE =  1.55E-03  E = -0.243416  RMIN = 9.7E-03  DTMIN = 1.7E-04  TC =    4  DELTA =  2.8E-04  E(3) =  0.083209  DETOT = -0.138451

 LAGR:    0.645  0.645  0.645  0.645  0.844  0.852  0.867  0.867  0.942  0.942  0.970

 ADJUST:  TIME =   91.96  Q = 0.73  DE =  3.70E-04  E = -0.243351  RMIN = 9.7E-03  DTMIN = 1.7E-04  TC =    4  DELTA =  6.5E-05  E(3) =  0.083040  DETOT = -0.138386

 LAGR:    0.644  0.644  0.644  0.644  0.852  0.856  0.878  0.878  0.940  0.942  0.973

 ADJUST:  TIME =   92.39  Q = 0.71  DE =  1.54E-03  E = -0.243083  RMIN = 9.7E-03  DTMIN = 1.7E-04  TC =    4  DELTA =  2.7E-04  E(3) =  0.082829  DETOT = -0.138118

 LAGR:    0.644  0.644  0.644  0.644  0.859  0.860  0.889  0.889  0.937  0.942  0.981

 ADJUST:  TIME =   92.82  Q = 0.69  DE =  9.84E-04  E = -0.242911  RMIN = 9.7E-03  DTMIN = 1.7E-04  TC =    3  DELTA =  1.7E-04  E(3) =  0.082592  DETOT = -0.137946

 LAGR:    0.647  0.647  0.647  0.647  0.865  0.866  0.900  0.900  0.935  0.941  0.993

 ADJUST:  TIME =   93.25  Q = 0.69  DE =  1.83E-03  E = -0.242579  RMIN = 9.7E-03  DTMIN = 1.7E-04  TC =    3  DELTA =  3.3E-04  E(3) =  0.082336  DETOT = -0.137614

 LAGR:    0.651  0.651  0.651  0.651  0.872  0.873  0.909  0.909  0.932  0.939  1.006

 ADJUST:  TIME =   93.69  Q = 0.75  DE =  6.55E-04  E = -0.242402  RMIN = 9.7E-03  DTMIN = 1.7E-04  TC =    4  DELTA =  1.8E-04  E(3) =  0.082032  DETOT = -0.137437

 LAGR:    0.658  0.658  0.658  0.658  0.877  0.882  0.919  0.919  0.928  0.938  1.018

 ADJUST:  TIME =   94.12  Q = 0.65  DE =  6.65E-04  E = -0.242285  RMIN = 9.7E-03  DTMIN = 1.7E-04  TC =    3  DELTA =  1.2E-04  E(3) =  0.081714  DETOT = -0.137320

 LAGR:    0.665  0.665  0.665  0.665  0.883  0.890  0.925  0.925  0.928  0.936  1.030

 ADJUST:  TIME =   94.55  Q = 0.62  DE =  3.03E-03  E = -0.241777  RMIN = 9.7E-03  DTMIN = 1.7E-04  TC =    3  DELTA =  5.1E-04  E(3) =  0.081407  DETOT = -0.136812

 LAGR:    0.674  0.674  0.674  0.674  0.889  0.897  0.921  0.921  0.933  0.936  1.042

 ADJUST:  TIME =   94.98  Q = 0.60  DE =  1.21E-03  E = -0.241578  RMIN = 9.7E-03  DTMIN = 1.7E-04  TC =    3  DELTA =  2.0E-04  E(3) =  0.081178  DETOT = -0.136613

 LAGR:    0.684  0.684  0.684  0.684  0.896  0.905  0.917  0.917  0.931  0.943  1.054

 ADJUST:  TIME =   95.41  Q = 0.59  DE =  1.21E-03  E = -0.241382  RMIN = 9.7E-03  DTMIN = 1.7E-04  TC =    3  DELTA =  2.0E-04  E(3) =  0.081066  DETOT = -0.136416

 LAGR:    0.695  0.695  0.695  0.695  0.903  0.912  0.912  0.912  0.928  0.950  1.065

 ADJUST:  TIME =   95.84  Q = 0.57  DE =  1.01E-04  E = -0.241365  RMIN = 9.7E-03  DTMIN = 1.7E-04  TC =    3  DELTA =  1.6E-05  E(3) =  0.081100  DETOT = -0.136400

 LAGR:    0.706  0.706  0.706  0.706  0.908  0.910  0.919  0.919  0.925  0.956  1.077

 ADJUST:  TIME =   96.28  Q = 0.56  DE = -1.32E-03  E = -0.241580  RMIN = 9.7E-03  DTMIN = 1.7E-04  TC =    3  DELTA = -2.1E-04  E(3) =  0.081307  DETOT = -0.136614

 LAGR:    0.717  0.717  0.717  0.717  0.903  0.917  0.923  0.923  0.925  0.961  1.088

 ADJUST:  TIME =   96.71  Q = 0.55  DE = -1.54E-03  E = -0.241830  RMIN = 9.7E-03  DTMIN = 1.7E-04  TC =    3  DELTA = -2.5E-04  E(3) =  0.081707  DETOT = -0.136865

 LAGR:    0.728  0.728  0.728  0.728  0.899  0.920  0.924  0.924  0.930  0.966  1.099

 ADJUST:  TIME =   97.14  Q = 0.55  DE = -4.61E-03  E = -0.242584  RMIN = 9.7E-03  DTMIN = 1.7E-04  TC =    3  DELTA = -7.5E-04  E(3) =  0.082322  DETOT = -0.137618

 LAGR:    0.740  0.740  0.740  0.740  0.896  0.918  0.931  0.931  0.934  0.970  1.110

 ADJUST:  TIME =   97.57  Q = 0.54  DE = -3.58E-03  E = -0.243169  RMIN = 9.7E-03  DTMIN = 1.7E-04  TC =    3  DELTA = -5.9E-04  E(3) =  0.083171  DETOT = -0.138204

 LAGR:    0.751  0.751  0.751  0.751  0.895  0.915  0.937  0.937  0.937  0.973  1.120

 ADJUST:  TIME =   98.00  Q = 0.53  DE = -8.54E-03  E = -0.244557  RMIN = 9.7E-03  DTMIN = 1.7E-04  TC =    3  DELTA = -1.4E-03  E(3) =  0.084260  DETOT = -0.139591

 ESCAPE    N =    16     2   1  0.7000   -0.286302   7.86  13.18  0.125   0.85  0.04375     0       9

 LAGR:    0.762  0.762  0.762  0.762  0.895  0.913  0.913  0.938  0.943  0.976  1.009

 ADJUST:  TIME =   98.43  Q = 0.40  DE = -2.87E-03  E = -0.286614  RMIN = 9.7E-03  DTMIN = 1.7E-04  TC =    3  DELTA = -3.1E-04  E(3) =  0.043076  DETOT = -0.139904

 LAGR:    0.773  0.773  0.773  0.773  0.897  0.911  0.911  0.938  0.949  0.979  1.011

 ADJUST:  TIME =   98.87  Q = 0.39  DE = -4.38E-03  E = -0.287089  RMIN = 9.7E-03  DTMIN = 1.7E-04  TC =    3  DELTA = -4.7E-04  E(3) =  0.043829  DETOT = -0.140379

 LAGR:    0.783  0.783  0.783  0.783  0.899  0.910  0.910  0.938  0.954  0.981  1.013

 ADJUST:  TIME =   99.30  Q = 0.39  DE = -1.10E-02  E = -0.288281  RMIN = 9.7E-03  DTMIN = 1.7E-04  TC =    3  DELTA = -1.2E-03  E(3) =  0.044808  DETOT = -0.141571

 LAGR:    0.793  0.793  0.793  0.793  0.901  0.908  0.908  0.938  0.959  0.982  1.015

 ADJUST:  TIME =   99.73  Q = 0.39  DE = -7.53E-03  E = -0.289098  RMIN = 9.7E-03  DTMIN = 1.7E-04  TC =    3  DELTA = -8.2E-04  E(3) =  0.046003  DETOT = -0.142388

 LAGR:    0.802  0.802  0.802  0.802  0.904  0.907  0.907  0.937  0.963  0.983  1.017

 ADJUST:  TIME =  100.16  Q = 0.40  DE = -1.61E-02  E = -0.290864  RMIN = 9.7E-03  DTMIN = 1.7E-04  TC =    3  DELTA = -1.8E-03  E(3) =  0.047400  DETOT = -0.144154

 LAGR:    0.811  0.811  0.811  0.811  0.907  0.907  0.907  0.937  0.967  0.984  1.019

 ADJUST:  TIME =  100.59  Q = 0.40  DE = -1.01E-02  E = -0.291985  RMIN = 9.7E-03  DTMIN = 1.7E-04  TC =    3  DELTA = -1.1E-03  E(3) =  0.048982  DETOT = -0.145275

 LAGR:    0.820  0.820  0.820  0.820  0.906  0.909  0.909  0.936  0.970  0.984  1.020

 ADJUST:  TIME =  101.02  Q = 0.41  DE = -1.99E-02  E = -0.294238  RMIN = 9.7E-03  DTMIN = 1.7E-04  TC =    3  DELTA = -2.3E-03  E(3) =  0.050731  DETOT = -0.147528

 LAGR:    0.828  0.828  0.828  0.828  0.907  0.912  0.912  0.936  0.973  0.984  1.022

 ADJUST:  TIME =  101.46  Q = 0.42  DE = -1.18E-02  E = -0.295607  RMIN = 9.7E-03  DTMIN = 1.7E-04  TC =    3  DELTA = -1.4E-03  E(3) =  0.052626  DETOT = -0.148897

 LAGR:    0.836  0.836  0.836  0.836  0.908  0.914  0.914  0.935  0.975  0.983  1.023

 ADJUST:  TIME =  101.89  Q = 0.43  DE = -2.20E-02  E = -0.298234  RMIN = 9.7E-03  DTMIN = 1.7E-04  TC =    3  DELTA = -2.6E-03  E(3) =  0.054643  DETOT = -0.151524

 LAGR:    0.844  0.844  0.844  0.844  0.910  0.917  0.917  0.935  0.977  0.982  1.025

 ADJUST:  TIME =  102.32  Q = 0.44  DE = -1.25E-02  E = -0.299779  RMIN = 9.7E-03  DTMIN = 1.7E-04  TC =    3  DELTA = -1.5E-03  E(3) =  0.056755  DETOT = -0.153069

 LAGR:    0.851  0.851  0.851  0.851  0.914  0.919  0.919  0.935  0.978  0.981  1.026

 ADJUST:  TIME =  102.75  Q = 0.46  DE = -2.19E-02  E = -0.302637  RMIN = 9.7E-03  DTMIN = 1.7E-04  TC =    3  DELTA = -2.9E-03  E(3) =  0.058933  DETOT = -0.155927

 LAGR:    0.858  0.858  0.858  0.858  0.919  0.921  0.921  0.934  0.979  0.979  1.027

 ADJUST:  TIME =  103.18  Q = 0.49  DE = -1.14E-02  E = -0.304265  RMIN = 9.7E-03  DTMIN = 1.7E-04  TC =    3  DELTA = -1.6E-03  E(3) =  0.061140  DETOT = -0.157555

 LAGR:    0.865  0.865  0.865  0.865  0.922  0.929  0.929  0.931  0.978  0.978  1.028

 ADJUST:  TIME =  103.61  Q = 0.62  DE = -7.00E-03  E = -0.305910  RMIN = 9.7E-03  DTMIN = 1.7E-04  TC =    4  DELTA = -1.6E-03  E(3) =  0.063303  DETOT = -0.159200

 LAGR:    0.871  0.871  0.871  0.871  0.924  0.929  0.929  0.939  0.976  0.976  1.029

 ADJUST:  TIME =  104.05  Q = 0.51  DE = -1.84E-02  E = -0.308639  RMIN = 9.7E-03  DTMIN = 1.7E-04  TC =    3  DELTA = -2.7E-03  E(3) =  0.065396  DETOT = -0.161929

 LAGR:    0.878  0.878  0.878  0.878  0.925  0.935  0.935  0.944  0.973  0.973  1.030

 ADJUST:  TIME =  104.48  Q = 0.51  DE = -1.06E-02  E = -0.310154  RMIN = 9.7E-03  DTMIN = 1.7E-04  TC =    3  DELTA = -1.5E-03  E(3) =  0.067431  DETOT = -0.163443

 LAGR:    0.884  0.884  0.884  0.884  0.926  0.941  0.941  0.949  0.969  0.971  1.031

 ADJUST:  TIME =  104.91  Q = 0.51  DE = -1.86E-02  E = -0.312795  RMIN = 9.7E-03  DTMIN = 1.7E-04  TC =    3  DELTA = -2.6E-03  E(3) =  0.069431  DETOT = -0.166085

 LAGR:    0.890  0.890  0.890  0.890  0.927  0.948  0.948  0.956  0.964  0.968  1.032

 ADJUST:  TIME =  105.34  Q = 0.51  DE = -1.04E-02  E = -0.314261  RMIN = 9.7E-03  DTMIN = 1.7E-04  TC =    3  DELTA = -1.5E-03  E(3) =  0.071419  DETOT = -0.167551

 LAGR:    0.895  0.895  0.895  0.895  0.928  0.955  0.955  0.959  0.962  0.965  1.033

 ADJUST:  TIME =  105.77  Q = 0.52  DE = -1.88E-02  E = -0.316883  RMIN = 9.7E-03  DTMIN = 1.7E-04  TC =    3  DELTA = -2.6E-03  E(3) =  0.073412  DETOT = -0.170172

 LAGR:    0.901  0.901  0.901  0.901  0.928  0.953  0.953  0.962  0.962  0.969  1.033

 ADJUST:  TIME =  106.21  Q = 0.52  DE = -1.07E-02  E = -0.318356  RMIN = 9.7E-03  DTMIN = 1.7E-04  TC =    3  DELTA = -1.5E-03  E(3) =  0.075411  DETOT = -0.171646

 LAGR:    0.907  0.907  0.907  0.907  0.929  0.949  0.949  0.959  0.969  0.974  1.034

 ADJUST:  TIME =  106.64  Q = 0.52  DE = -1.91E-02  E = -0.320986  RMIN = 9.7E-03  DTMIN = 1.7E-04  TC =    3  DELTA = -2.6E-03  E(3) =  0.077408  DETOT = -0.174276

 LAGR:    0.913  0.913  0.913  0.913  0.929  0.945  0.945  0.956  0.976  0.979  1.034

 ADJUST:  TIME =  107.07  Q = 0.53  DE = -1.06E-02  E = -0.322451  RMIN = 9.7E-03  DTMIN = 1.7E-04  TC =    3  DELTA = -1.5E-03  E(3) =  0.079391  DETOT = -0.175741

 LAGR:    0.918  0.918  0.918  0.918  0.929  0.942  0.942  0.953  0.983  0.984  1.034

 ADJUST:  TIME =  107.50  Q = 0.54  DE = -1.86E-02  E = -0.325034  RMIN = 9.7E-03  DTMIN = 1.7E-04  TC =    3  DELTA = -2.6E-03  E(3) =  0.081348  DETOT = -0.178324

 LAGR:    0.924  0.924  0.924  0.924  0.929  0.939  0.939  0.950  0.988  0.989  1.034

 ADJUST:  TIME =  107.93  Q = 0.54  DE = -1.01E-02  E = -0.326456  RMIN = 9.7E-03  DTMIN = 1.7E-04  TC =    3  DELTA = -1.4E-03  E(3) =  0.083270  DETOT = -0.179746

 LAGR:    0.929  0.929  0.929  0.929  0.930  0.937  0.937  0.946  0.992  0.995  1.034

 ADJUST:  TIME =  108.36  Q = 0.55  DE = -9.85E-03  E = -0.327857  RMIN = 9.7E-03  DTMIN = 1.7E-04  TC =    3  DELTA = -1.4E-03  E(3) =  0.085145  DETOT = -0.181147

 LAGR:    0.929  0.929  0.929  0.929  0.936  0.936  0.936  0.943  0.995  1.001  1.034

 ADJUST:  TIME =  108.80  Q = 0.56  DE = -1.68E-02  E = -0.330276  RMIN = 9.7E-03  DTMIN = 1.7E-04  TC =    3  DELTA = -2.4E-03  E(3) =  0.086963  DETOT = -0.183566

 LAGR:    0.929  0.929  0.929  0.929  0.936  0.939  0.939  0.943  0.999  1.006  1.033

 ADJUST:  TIME =  109.23  Q = 0.57  DE = -8.94E-03  E = -0.331588  RMIN = 9.7E-03  DTMIN = 1.7E-04  TC =    4  DELTA = -1.3E-03  E(3) =  0.088712  DETOT = -0.184878

 LAGR:    0.929  0.929  0.929  0.929  0.936  0.936  0.936  0.949  1.002  1.012  1.033

 ADJUST:  TIME =  109.66  Q = 0.58  DE = -1.49E-02  E = -0.333816  RMIN = 9.7E-03  DTMIN = 1.7E-04  TC =    4  DELTA = -2.2E-03  E(3) =  0.090381  DETOT = -0.187106

 LAGR:    0.929  0.929  0.929  0.929  0.933  0.937  0.937  0.956  1.005  1.017  1.032

 ADJUST:  TIME =  110.09  Q = 0.59  DE = -7.74E-03  E = -0.335003  RMIN = 9.7E-03  DTMIN = 1.7E-04  TC =    4  DELTA = -1.2E-03  E(3) =  0.091956  DETOT = -0.188293

 LAGR:    0.929  0.929  0.929  0.929  0.929  0.938  0.938  0.963  1.008  1.021  1.031

 ADJUST:  TIME =  110.52  Q = 0.59  DE = -1.24E-02  E = -0.336964  RMIN = 9.7E-03  DTMIN = 1.7E-04  TC =    4  DELTA = -2.0E-03  E(3) =  0.093417  DETOT = -0.190254

 LAGR:    0.926  0.926  0.926  0.926  0.928  0.941  0.941  0.970  1.010  1.026  1.029

 ADJUST:  TIME =  110.95  Q = 0.60  DE = -6.57E-03  E = -0.338028  RMIN = 9.7E-03  DTMIN = 1.7E-04  TC =    4  DELTA = -1.1E-03  E(3) =  0.094741  DETOT = -0.191318

 LAGR:    0.922  0.922  0.922  0.922  0.928  0.944  0.944  0.978  1.012  1.028  1.030

 ADJUST:  TIME =  111.39  Q = 0.61  DE = -9.08E-03  E = -0.339537  RMIN = 9.7E-03  DTMIN = 1.7E-04  TC =    4  DELTA = -1.5E-03  E(3) =  0.095900  DETOT = -0.192827

 LAGR:    0.919  0.919  0.919  0.919  0.928  0.948  0.948  0.987  1.012  1.026  1.034

 ADJUST:  TIME =  111.82  Q = 0.61  DE = -4.48E-03  E = -0.340288  RMIN = 9.7E-03  DTMIN = 1.7E-04  TC =    3  DELTA = -7.5E-04  E(3) =  0.096883  DETOT = -0.193578

 LAGR:    0.916  0.916  0.916  0.916  0.928  0.953  0.953  0.997  1.012  1.024  1.038

 ADJUST:  TIME =  112.25  Q = 0.60  DE = -4.01E-03  E = -0.340951  RMIN = 9.7E-03  DTMIN = 1.7E-04  TC =    3  DELTA = -6.6E-04  E(3) =  0.097710  DETOT = -0.194241

 LAGR:    0.913  0.913  0.913  0.913  0.928  0.959  0.959  1.008  1.011  1.021  1.041

 ADJUST:  TIME =  112.68  Q = 0.60  DE = -5.99E-03  E = -0.341934  RMIN = 9.7E-03  DTMIN = 1.7E-04  TC =    3  DELTA = -9.8E-04  E(3) =  0.098416  DETOT = -0.195224

 LAGR:    0.909  0.909  0.909  0.909  0.928  0.965  0.965  1.010  1.018  1.018  1.044

 ADJUST:  TIME =  113.11  Q = 0.59  DE = -2.89E-03  E = -0.342410  RMIN = 9.7E-03  DTMIN = 1.7E-04  TC =    3  DELTA = -4.8E-04  E(3) =  0.099014  DETOT = -0.195700

 LAGR:    0.906  0.906  0.906  0.906  0.928  0.972  0.972  1.009  1.015  1.028  1.047

 ADJUST:  TIME =  113.54  Q = 0.59  DE = -4.17E-03  E = -0.343110  RMIN = 9.7E-03  DTMIN = 1.7E-04  TC =    3  DELTA = -7.0E-04  E(3) =  0.099516  DETOT = -0.196400

 LAGR:    0.903  0.903  0.903  0.903  0.929  0.980  0.980  1.008  1.011  1.038  1.049

 ADJUST:  TIME =  113.98  Q = 0.60  DE = -1.89E-03  E = -0.343439  RMIN = 9.7E-03  DTMIN = 1.7E-04  TC =    3  DELTA = -3.3E-04  E(3) =  0.099925  DETOT = -0.196729

 LAGR:    0.900  0.900  0.900  0.900  0.929  0.989  0.989  1.006  1.007  1.048  1.051

 ADJUST:  TIME =  114.41  Q = 0.61  DE = -2.38E-03  E = -0.343884  RMIN = 9.7E-03  DTMIN = 1.7E-04  TC =    4  DELTA = -4.5E-04  E(3) =  0.100233  DETOT = -0.197174

 LAGR:    0.897  0.897  0.897  0.897  0.930  0.999  0.999  0.999  1.006  1.053  1.058

 ADJUST:  TIME =  114.84  Q = 0.63  DE = -8.14E-04  E = -0.344055  RMIN = 9.7E-03  DTMIN = 1.7E-04  TC =    4  DELTA = -1.7E-04  E(3) =  0.100417  DETOT = -0.197345

 LAGR:    0.894  0.894  0.894  0.894  0.930  0.994  0.994  1.005  1.009  1.055  1.067

 ADJUST:  TIME =  115.27  Q = 0.71  DE = -3.06E-04  E = -0.344151  RMIN = 9.7E-03  DTMIN = 1.7E-04  TC =    5  DELTA = -9.6E-05  E(3) =  0.100474  DETOT = -0.197441

 LAGR:    0.890  0.890  0.890  0.890  0.931  0.996  0.996  0.998  1.017  1.057  1.075

 ADJUST:  TIME =  115.70  Q = 0.63  DE = -2.81E-03  E = -0.344782  RMIN = 9.7E-03  DTMIN = 1.7E-04  TC =    4  DELTA = -6.3E-04  E(3) =  0.100528  DETOT = -0.198072

 LAGR:    0.887  0.887  0.887  0.887  0.932  0.988  0.988  1.005  1.023  1.060  1.083

 ADJUST:  TIME =  116.14  Q = 0.57  DE =  3.19E-03  E = -0.344201  RMIN = 9.7E-03  DTMIN = 1.7E-04  TC =    4  DELTA =  5.8E-04  E(3) =  0.100526  DETOT = -0.197491

 LAGR:    0.884  0.884  0.884  0.884  0.933  0.980  0.980  1.013  1.027  1.062  1.091

 ADJUST:  TIME =  116.57  Q = 0.54  DE = -1.99E-03  E = -0.344537  RMIN = 9.4E-03  DTMIN = 1.6E-04  TC =    3  DELTA = -3.4E-04  E(3) =  0.100482  DETOT = -0.197827

 LAGR:    0.880  0.880  0.880  0.880  0.935  0.973  0.973  1.021  1.029  1.064  1.098

 ADJUST:  TIME =  117.00  Q = 0.53  DE = -6.08E-04  E = -0.344636  RMIN = 9.4E-03  DTMIN = 1.6E-04  TC =    3  DELTA = -9.9E-05  E(3) =  0.100423  DETOT = -0.197926

 BINARY ESCAPE    KS =    2  NM =     7    17  K* =  0  0  0  0  M =  1.0  0.0  EB = -0.0007  R*/PM = 0.00  V/<V> = 1.61  E = 0.81  EI = 0.03068  P = 1.6E+03

 ESCAPE    N =    14     2   2  0.7000   -0.374602   7.46  12.53  0.125   2.42  0.05000     0      27

 LAGR:    0.877  0.877  0.877  0.877  0.936  0.936  0.968  0.968  1.029  1.031  1.065

 ADJUST:  TIME =  117.43  Q = 0.51  DE = -7.51E-03  E = -0.375482  RMIN = 9.4E-03  DTMIN = 1.6E-04  TC =    3  DELTA = -8.8E-04  E(3) =  0.070655  DETOT = -0.198806

 LAGR:    0.873  0.873  0.873  0.873  0.937  0.937  0.964  0.964  1.033  1.037  1.067

 ADJUST:  TIME =  117.86  Q = 0.50  DE = -7.13E-03  E = -0.376314  RMIN = 9.4E-03  DTMIN = 1.6E-04  TC =    3  DELTA = -8.3E-04  E(3) =  0.071601  DETOT = -0.199637

 LAGR:    0.869  0.869  0.869  0.869  0.939  0.939  0.960  0.960  1.034  1.043  1.068

 ADJUST:  TIME =  118.29  Q = 0.50  DE = -9.53E-03  E = -0.377426  RMIN = 9.4E-03  DTMIN = 1.6E-04  TC =    4  DELTA = -1.1E-03  E(3) =  0.072574  DETOT = -0.200749

 LAGR:    0.865  0.865  0.865  0.865  0.940  0.940  0.958  0.958  1.036  1.050  1.068

 ADJUST:  TIME =  118.73  Q = 0.50  DE = -5.03E-03  E = -0.378016  RMIN = 9.4E-03  DTMIN = 1.6E-04  TC =    4  DELTA = -5.9E-04  E(3) =  0.073582  DETOT = -0.201340

 LAGR:    0.861  0.861  0.861  0.861  0.942  0.942  0.956  0.956  1.038  1.056  1.069

 ADJUST:  TIME =  119.16  Q = 0.50  DE = -1.15E-02  E = -0.379385  RMIN = 9.4E-03  DTMIN = 1.6E-04  TC =    4  DELTA = -1.4E-03  E(3) =  0.074636  DETOT = -0.202709

 LAGR:    0.857  0.857  0.857  0.857  0.944  0.944  0.954  0.954  1.040  1.060  1.069

 ADJUST:  TIME =  119.59  Q = 0.51  DE = -8.68E-03  E = -0.380439  RMIN = 9.4E-03  DTMIN = 1.6E-04  TC =    4  DELTA = -1.1E-03  E(3) =  0.075743  DETOT = -0.203762

 LAGR:    0.852  0.852  0.852  0.852  0.946  0.946  0.953  0.953  1.044  1.063  1.069

 ADJUST:  TIME =  120.02  Q = 0.52  DE = -1.02E-02  E = -0.381708  RMIN = 9.4E-03  DTMIN = 1.6E-04  TC =    4  DELTA = -1.3E-03  E(3) =  0.076912  DETOT = -0.205031

 LAGR:    0.848  0.848  0.848  0.848  0.948  0.948  0.953  0.953  1.051  1.064  1.069

 ADJUST:  TIME =  120.45  Q = 0.52  DE = -6.94E-03  E = -0.382601  RMIN = 9.4E-03  DTMIN = 1.6E-04  TC =    4  DELTA = -8.9E-04  E(3) =  0.078133  DETOT = -0.205925

 LAGR:    0.843  0.843  0.843  0.843  0.950  0.950  0.954  0.954  1.060  1.062  1.069

 ADJUST:  TIME =  120.88  Q = 0.53  DE = -1.26E-02  E = -0.384238  RMIN = 9.4E-03  DTMIN = 1.6E-04  TC =    4  DELTA = -1.6E-03  E(3) =  0.079379  DETOT = -0.207562

 LAGR:    0.837  0.837  0.837  0.837  0.952  0.952  0.955  0.955  1.059  1.068  1.069

 ADJUST:  TIME =  121.32  Q = 0.52  DE = -7.22E-03  E = -0.385165  RMIN = 9.4E-03  DTMIN = 1.6E-04  TC =    4  DELTA = -9.3E-04  E(3) =  0.080646  DETOT = -0.208489

 LAGR:    0.832  0.832  0.832  0.832  0.954  0.954  0.957  0.957  1.058  1.067  1.076

 ADJUST:  TIME =  121.75  Q = 0.52  DE = -7.53E-03  E = -0.386113  RMIN = 9.4E-03  DTMIN = 1.6E-04  TC =    4  DELTA = -9.5E-04  E(3) =  0.081967  DETOT = -0.209437

 BINARY ESCAPE    KS =    3  NM =     2    12  K* =  0  0  0  0  M =  1.0  0.0  EB = -0.0007  R*/PM = 0.00  V/<V> = 2.00  E = 0.63  EI = 0.02417  P = 1.6E+03

 ESCAPE    N =    12     2   3  0.6000   -0.409567   6.70  11.93  0.062   2.17  0.05000     0      22

 LAGR:    0.826  0.826  0.826  0.826  0.956  0.956  0.959  0.959  1.057  1.057  1.066

 ADJUST:  TIME =  122.18  Q = 0.45  DE = -1.19E-02  E = -0.410482  RMIN = 9.4E-03  DTMIN = 1.6E-04  TC =    3  DELTA = -9.1E-04  E(3) =  0.059086  DETOT = -0.210352

 BINARY ESCAPE    KS =    1  NM =     3    13  K* =  0  0  0  0  M =  1.0  0.0  EB = -0.0007  R*/PM = 0.00  V/<V> = 1.10  E = 0.64  EI = 0.00659  P = 1.6E+03

 BINARY ESCAPE    KS =    1  NM =     8    18  K* =  0  0  0  0  M =  1.0  0.0  EB = -0.0007  R*/PM = 0.00  V/<V> = 1.02  E = 0.98  EI = 0.00466  P = 1.6E+03

 ESCAPE    N =     8     2   5  0.5000   -0.420298   3.59  11.40  0.125   3.23  0.06250     0      23    28


         END RUN   TIME =  122.2  CPUTOT =    0.0  ERRTOT = -1.341350  DETOT = -0.210352
